---------------------------------------------------------------
[ 2018-07-31T15:21:37+08:00 ] 127.0.0.1 GET /
[ info ] www.soukebao.com/ [运行时间：0.053003s][吞吐率：18.87req/s] [内存消耗：1,321.77kb] [文件加载：38]
[ info ] [ LANG ] D:\php\PHPTutorial\WWW\soukebao\thinkphp\lang\zh-cn.php
[ info ] [ ROUTE ] array (
  'type' => 'module',
  'module' => 
  array (
    0 => '',
    1 => NULL,
    2 => NULL,
  ),
)
[ info ] [ HEADER ] array (
  'accept-language' => 'zh-CN,zh;q=0.9',
  'accept-encoding' => 'gzip, deflate',
  'accept' => 'text/html,application/xhtml+xml,application/xml;q=0.9,image/webp,image/apng,*/*;q=0.8',
  'user-agent' => 'Mozilla/5.0 (Windows NT 6.1; WOW64) AppleWebKit/537.36 (KHTML, like Gecko) Chrome/67.0.3396.99 Safari/537.36',
  'upgrade-insecure-requests' => '1',
  'connection' => 'keep-alive',
  'host' => 'www.soukebao.com',
  'content-length' => '',
  'content-type' => '',
)
[ info ] [ PARAM ] array (
)
[ info ] [ RUN ] app\admin\controller\Login->index[ D:\php\PHPTutorial\WWW\soukebao\application\admin\controller\Login.php ]
[ info ] [ VIEW ] D:\php\PHPTutorial\WWW\soukebao\public/../application/admin\view\login\index.html [ array (
) ]
[ info ] [ LOG ] INIT File
---------------------------------------------------------------
[ 2018-07-31T15:21:45+08:00 ] 127.0.0.1 POST /admin/login/index.html
[ info ] www.soukebao.com/admin/login/index.html [运行时间：0.062003s][吞吐率：16.13req/s] [内存消耗：2,130.21kb] [文件加载：47]
[ info ] [ LANG ] D:\php\PHPTutorial\WWW\soukebao\thinkphp\lang\zh-cn.php
[ info ] [ ROUTE ] array (
  'type' => 'module',
  'module' => 
  array (
    0 => 'admin',
    1 => 'login',
    2 => 'index',
  ),
)
[ info ] [ HEADER ] array (
  'accept-language' => 'zh-CN,zh;q=0.9',
  'accept-encoding' => 'gzip, deflate',
  'referer' => 'http://www.soukebao.com/',
  'content-type' => 'application/x-www-form-urlencoded; charset=UTF-8',
  'user-agent' => 'Mozilla/5.0 (Windows NT 6.1; WOW64) AppleWebKit/537.36 (KHTML, like Gecko) Chrome/67.0.3396.99 Safari/537.36',
  'x-requested-with' => 'XMLHttpRequest',
  'origin' => 'http://www.soukebao.com',
  'accept' => '*/*',
  'content-length' => '29',
  'connection' => 'keep-alive',
  'host' => 'www.soukebao.com',
)
[ info ] [ PARAM ] array (
  'account' => 'zhangsan',
  'password' => '123',
)
[ info ] [ RUN ] app\admin\controller\Login->index[ D:\php\PHPTutorial\WWW\soukebao\application\admin\controller\Login.php ]
[ info ] [ DB ] INIT mysql
[ info ] [ CACHE ] INIT File
[ info ] [ SESSION ] INIT array (
  'id' => '',
  'var_session_id' => '',
  'prefix' => 'think',
  'type' => '',
  'auto_start' => true,
)
[ info ] [ LOG ] INIT File
[ sql ] [ DB ] CONNECT:[ UseTime:0.002000s ] mysql:host=127.0.0.1;dbname=soukebao;charset=utf8
[ sql ] [ SQL ] SHOW COLUMNS FROM `admin` [ RunTime:0.007001s ]
[ sql ] [ SQL ] SELECT `id`,`admin_name` FROM `admin` `a` WHERE  `admin_name` = 'zhangsan'  AND `admin_pwd` = '202cb962ac59075b964b07152d234b70' LIMIT 1 [ RunTime:0.001000s ]
[ sql ] [ SQL ] UPDATE `admin`  SET `last_login_time`='2018-07-31 15:21:45'  WHERE  `id` = 1 [ RunTime:0.001000s ]
---------------------------------------------------------------
[ 2018-07-31T15:21:45+08:00 ] 127.0.0.1 GET /admin/User/index?admin_name=zhangsan
[ info ] www.soukebao.com/admin/User/index?admin_name=zhangsan [运行时间：0.082004s][吞吐率：12.19req/s] [内存消耗：2,395.10kb] [文件加载：51]
[ info ] [ LANG ] D:\php\PHPTutorial\WWW\soukebao\thinkphp\lang\zh-cn.php
[ info ] [ ROUTE ] array (
  'type' => 'module',
  'module' => 
  array (
    0 => 'admin',
    1 => 'User',
    2 => 'index',
  ),
)
[ info ] [ HEADER ] array (
  'cookie' => 'PHPSESSID=j153htu4eks4f1j92sgfcshls2',
  'accept-language' => 'zh-CN,zh;q=0.9',
  'accept-encoding' => 'gzip, deflate',
  'referer' => 'http://www.soukebao.com/',
  'accept' => 'text/html,application/xhtml+xml,application/xml;q=0.9,image/webp,image/apng,*/*;q=0.8',
  'user-agent' => 'Mozilla/5.0 (Windows NT 6.1; WOW64) AppleWebKit/537.36 (KHTML, like Gecko) Chrome/67.0.3396.99 Safari/537.36',
  'upgrade-insecure-requests' => '1',
  'connection' => 'keep-alive',
  'host' => 'www.soukebao.com',
  'content-length' => '',
  'content-type' => '',
)
[ info ] [ PARAM ] array (
  'admin_name' => 'zhangsan',
)
[ info ] [ RUN ] app\admin\controller\User->index[ D:\php\PHPTutorial\WWW\soukebao\application\admin\controller\User.php ]
[ info ] [ DB ] INIT mysql
[ info ] [ SESSION ] INIT array (
  'id' => '',
  'var_session_id' => '',
  'prefix' => 'think',
  'type' => '',
  'auto_start' => true,
)
[ info ] [ VIEW ] D:\php\PHPTutorial\WWW\soukebao\public/../application/admin\view\user\index.html [ array (
  0 => 'admin_name',
  1 => 'list',
) ]
[ info ] [ LOG ] INIT File
[ sql ] [ DB ] CONNECT:[ UseTime:0.001000s ] mysql:host=127.0.0.1;dbname=soukebao;charset=utf8
[ sql ] [ SQL ] SHOW COLUMNS FROM `user` [ RunTime:0.020001s ]
[ sql ] [ SQL ] SELECT COUNT(*) AS tp_count FROM ( SELECT count(*) FROM `user` `a` GROUP BY `a`.`id` ) `_group_count_` LIMIT 1 [ RunTime:0.003000s ]
[ sql ] [ SQL ] SELECT `id`,`user_name`,`wx_name`,`wx_avaurl`,`phone`,`last_login`,`role` FROM `user` `a` GROUP BY `a`.`id` ORDER BY `a`.`id` DESC LIMIT 0,10 [ RunTime:0.001001s ]
---------------------------------------------------------------
[ 2018-07-31T15:21:45+08:00 ] 127.0.0.1 GET /admin/User/sdafadsfdsf
[ info ] www.soukebao.com/admin/User/sdafadsfdsf [运行时间：0.035002s][吞吐率：28.57req/s] [内存消耗：1,201.27kb] [文件加载：37]
[ info ] [ LANG ] D:\php\PHPTutorial\WWW\soukebao\thinkphp\lang\zh-cn.php
[ info ] [ ROUTE ] array (
  'type' => 'module',
  'module' => 
  array (
    0 => 'admin',
    1 => 'User',
    2 => 'sdafadsfdsf',
  ),
)
[ info ] [ HEADER ] array (
  'cookie' => 'PHPSESSID=j153htu4eks4f1j92sgfcshls2',
  'accept-language' => 'zh-CN,zh;q=0.9',
  'accept-encoding' => 'gzip, deflate',
  'referer' => 'http://www.soukebao.com/admin/User/index?admin_name=zhangsan',
  'accept' => 'image/webp,image/apng,image/*,*/*;q=0.8',
  'user-agent' => 'Mozilla/5.0 (Windows NT 6.1; WOW64) AppleWebKit/537.36 (KHTML, like Gecko) Chrome/67.0.3396.99 Safari/537.36',
  'connection' => 'keep-alive',
  'host' => 'www.soukebao.com',
  'content-length' => '',
  'content-type' => '',
)
[ info ] [ PARAM ] array (
)
[ info ] [ LOG ] INIT File
---------------------------------------------------------------
[ 2018-07-31T15:21:45+08:00 ] 127.0.0.1 GET /admin/User/frame/static/js/vip_nav.js
[ info ] www.soukebao.com/admin/User/frame/static/js/vip_nav.js [运行时间：0.021001s][吞吐率：47.62req/s] [内存消耗：1,201.76kb] [文件加载：37]
[ info ] [ LANG ] D:\php\PHPTutorial\WWW\soukebao\thinkphp\lang\zh-cn.php
[ info ] [ ROUTE ] array (
  'type' => 'module',
  'module' => 
  array (
    0 => 'admin',
    1 => 'User',
    2 => 'frame',
  ),
)
[ info ] [ HEADER ] array (
  'cookie' => 'PHPSESSID=j153htu4eks4f1j92sgfcshls2',
  'accept-language' => 'zh-CN,zh;q=0.9',
  'accept-encoding' => 'gzip, deflate',
  'referer' => 'http://www.soukebao.com/admin/User/index?admin_name=zhangsan',
  'accept' => '*/*',
  'user-agent' => 'Mozilla/5.0 (Windows NT 6.1; WOW64) AppleWebKit/537.36 (KHTML, like Gecko) Chrome/67.0.3396.99 Safari/537.36',
  'connection' => 'keep-alive',
  'host' => 'www.soukebao.com',
  'content-length' => '',
  'content-type' => '',
)
[ info ] [ PARAM ] array (
  'static' => 'js',
)
[ info ] [ LOG ] INIT File
---------------------------------------------------------------
[ 2018-07-31T15:21:58+08:00 ] 127.0.0.1 GET /admin/user/agent.html
[ info ] www.soukebao.com/admin/user/agent.html [运行时间：0.060003s][吞吐率：16.67req/s] [内存消耗：2,430.49kb] [文件加载：51]
[ info ] [ LANG ] D:\php\PHPTutorial\WWW\soukebao\thinkphp\lang\zh-cn.php
[ info ] [ ROUTE ] array (
  'type' => 'module',
  'module' => 
  array (
    0 => 'admin',
    1 => 'user',
    2 => 'agent',
  ),
)
[ info ] [ HEADER ] array (
  'cookie' => 'PHPSESSID=j153htu4eks4f1j92sgfcshls2',
  'accept-language' => 'zh-CN,zh;q=0.9',
  'accept-encoding' => 'gzip, deflate',
  'referer' => 'http://www.soukebao.com/admin/User/index?admin_name=zhangsan',
  'accept' => 'text/html,application/xhtml+xml,application/xml;q=0.9,image/webp,image/apng,*/*;q=0.8',
  'user-agent' => 'Mozilla/5.0 (Windows NT 6.1; WOW64) AppleWebKit/537.36 (KHTML, like Gecko) Chrome/67.0.3396.99 Safari/537.36',
  'upgrade-insecure-requests' => '1',
  'connection' => 'keep-alive',
  'host' => 'www.soukebao.com',
  'content-length' => '',
  'content-type' => '',
)
[ info ] [ PARAM ] array (
)
[ info ] [ RUN ] app\admin\controller\User->agent[ D:\php\PHPTutorial\WWW\soukebao\application\admin\controller\User.php ]
[ info ] [ DB ] INIT mysql
[ info ] [ SESSION ] INIT array (
  'id' => '',
  'var_session_id' => '',
  'prefix' => 'think',
  'type' => '',
  'auto_start' => true,
)
[ info ] [ VIEW ] D:\php\PHPTutorial\WWW\soukebao\public/../application/admin\view\user\agent.html [ array (
  0 => 'admin_name',
  1 => 'list',
) ]
[ info ] [ LOG ] INIT File
[ sql ] [ DB ] CONNECT:[ UseTime:0.002000s ] mysql:host=127.0.0.1;dbname=soukebao;charset=utf8
[ sql ] [ SQL ] SHOW COLUMNS FROM `sell_house` [ RunTime:0.006000s ]
[ sql ] [ SQL ] SELECT COUNT(*) AS tp_count FROM ( SELECT count(*) FROM `sell_house` `a` INNER JOIN `user` `u` ON `u`.`id`=`a`.`user_id` WHERE  `status` = 0 GROUP BY `a`.`id` ) `_group_count_` LIMIT 1 [ RunTime:0.003000s ]
[ sql ] [ SQL ] SELECT `a`.`id`,`a`.`name`,`a`.`phone`,`a`.`district`,`a`.`area`,`a`.`price`,`a`.`role`,`a`.`address`,`u`.`user_name`,`a`.`type` FROM `sell_house` `a` INNER JOIN `user` `u` ON `u`.`id`=`a`.`user_id` WHERE  `status` = 0 GROUP BY `a`.`id` ORDER BY `a`.`id` DESC LIMIT 0,10 [ RunTime:0.002000s ]
---------------------------------------------------------------
[ 2018-07-31T15:21:58+08:00 ] 127.0.0.1 GET /admin/user/frame/static/js/vip_nav.js
[ info ] www.soukebao.com/admin/user/frame/static/js/vip_nav.js [运行时间：0.021001s][吞吐率：47.62req/s] [内存消耗：1,201.59kb] [文件加载：37]
[ info ] [ LANG ] D:\php\PHPTutorial\WWW\soukebao\thinkphp\lang\zh-cn.php
[ info ] [ ROUTE ] array (
  'type' => 'module',
  'module' => 
  array (
    0 => 'admin',
    1 => 'user',
    2 => 'frame',
  ),
)
[ info ] [ HEADER ] array (
  'cookie' => 'PHPSESSID=j153htu4eks4f1j92sgfcshls2',
  'accept-language' => 'zh-CN,zh;q=0.9',
  'accept-encoding' => 'gzip, deflate',
  'referer' => 'http://www.soukebao.com/admin/user/agent.html',
  'accept' => '*/*',
  'user-agent' => 'Mozilla/5.0 (Windows NT 6.1; WOW64) AppleWebKit/537.36 (KHTML, like Gecko) Chrome/67.0.3396.99 Safari/537.36',
  'connection' => 'keep-alive',
  'host' => 'www.soukebao.com',
  'content-length' => '',
  'content-type' => '',
)
[ info ] [ PARAM ] array (
  'static' => 'js',
)
[ info ] [ LOG ] INIT File
---------------------------------------------------------------
[ 2018-07-31T15:22:01+08:00 ] 127.0.0.1 GET /admin/system/category.html
[ info ] www.soukebao.com/admin/system/category.html [运行时间：0.054003s][吞吐率：18.52req/s] [内存消耗：2,292.47kb] [文件加载：47]
[ info ] [ LANG ] D:\php\PHPTutorial\WWW\soukebao\thinkphp\lang\zh-cn.php
[ info ] [ ROUTE ] array (
  'type' => 'module',
  'module' => 
  array (
    0 => 'admin',
    1 => 'system',
    2 => 'category',
  ),
)
[ info ] [ HEADER ] array (
  'cookie' => 'PHPSESSID=j153htu4eks4f1j92sgfcshls2',
  'accept-language' => 'zh-CN,zh;q=0.9',
  'accept-encoding' => 'gzip, deflate',
  'referer' => 'http://www.soukebao.com/admin/user/agent.html',
  'accept' => 'text/html,application/xhtml+xml,application/xml;q=0.9,image/webp,image/apng,*/*;q=0.8',
  'user-agent' => 'Mozilla/5.0 (Windows NT 6.1; WOW64) AppleWebKit/537.36 (KHTML, like Gecko) Chrome/67.0.3396.99 Safari/537.36',
  'upgrade-insecure-requests' => '1',
  'connection' => 'keep-alive',
  'host' => 'www.soukebao.com',
  'content-length' => '',
  'content-type' => '',
)
[ info ] [ PARAM ] array (
)
[ info ] [ RUN ] app\admin\controller\System->category[ D:\php\PHPTutorial\WWW\soukebao\application\admin\controller\System.php ]
[ info ] [ DB ] INIT mysql
[ info ] [ SESSION ] INIT array (
  'id' => '',
  'var_session_id' => '',
  'prefix' => 'think',
  'type' => '',
  'auto_start' => true,
)
[ info ] [ VIEW ] D:\php\PHPTutorial\WWW\soukebao\public/../application/admin\view\system\category.html [ array (
  0 => 'admin_name',
  1 => 'list',
) ]
[ info ] [ LOG ] INIT File
[ sql ] [ DB ] CONNECT:[ UseTime:0.001000s ] mysql:host=127.0.0.1;dbname=soukebao;charset=utf8
[ sql ] [ SQL ] SHOW COLUMNS FROM `category` [ RunTime:0.007000s ]
[ sql ] [ SQL ] SELECT * FROM `category` `a` [ RunTime:0.001000s ]
---------------------------------------------------------------
[ 2018-07-31T15:22:01+08:00 ] 127.0.0.1 GET /admin/system/frame/static/js/vip_nav.js
[ info ] www.soukebao.com/admin/system/frame/static/js/vip_nav.js [运行时间：0.025002s][吞吐率：40.00req/s] [内存消耗：1,195.32kb] [文件加载：37]
[ info ] [ LANG ] D:\php\PHPTutorial\WWW\soukebao\thinkphp\lang\zh-cn.php
[ info ] [ ROUTE ] array (
  'type' => 'module',
  'module' => 
  array (
    0 => 'admin',
    1 => 'system',
    2 => 'frame',
  ),
)
[ info ] [ HEADER ] array (
  'cookie' => 'PHPSESSID=j153htu4eks4f1j92sgfcshls2',
  'accept-language' => 'zh-CN,zh;q=0.9',
  'accept-encoding' => 'gzip, deflate',
  'referer' => 'http://www.soukebao.com/admin/system/category.html',
  'accept' => '*/*',
  'user-agent' => 'Mozilla/5.0 (Windows NT 6.1; WOW64) AppleWebKit/537.36 (KHTML, like Gecko) Chrome/67.0.3396.99 Safari/537.36',
  'connection' => 'keep-alive',
  'host' => 'www.soukebao.com',
  'content-length' => '',
  'content-type' => '',
)
[ info ] [ PARAM ] array (
  'static' => 'js',
)
[ info ] [ LOG ] INIT File
---------------------------------------------------------------
[ 2018-07-31T15:22:18+08:00 ] 127.0.0.1 GET /admin/system/index.html
[ info ] www.soukebao.com/admin/system/index.html [运行时间：0.065004s][吞吐率：15.38req/s] [内存消耗：2,296.22kb] [文件加载：47]
[ info ] [ LANG ] D:\php\PHPTutorial\WWW\soukebao\thinkphp\lang\zh-cn.php
[ info ] [ ROUTE ] array (
  'type' => 'module',
  'module' => 
  array (
    0 => 'admin',
    1 => 'system',
    2 => 'index',
  ),
)
[ info ] [ HEADER ] array (
  'cookie' => 'PHPSESSID=j153htu4eks4f1j92sgfcshls2',
  'accept-language' => 'zh-CN,zh;q=0.9',
  'accept-encoding' => 'gzip, deflate',
  'referer' => 'http://www.soukebao.com/admin/system/category.html',
  'accept' => 'text/html,application/xhtml+xml,application/xml;q=0.9,image/webp,image/apng,*/*;q=0.8',
  'user-agent' => 'Mozilla/5.0 (Windows NT 6.1; WOW64) AppleWebKit/537.36 (KHTML, like Gecko) Chrome/67.0.3396.99 Safari/537.36',
  'upgrade-insecure-requests' => '1',
  'connection' => 'keep-alive',
  'host' => 'www.soukebao.com',
  'content-length' => '',
  'content-type' => '',
)
[ info ] [ PARAM ] array (
)
[ info ] [ RUN ] app\admin\controller\System->index[ D:\php\PHPTutorial\WWW\soukebao\application\admin\controller\System.php ]
[ info ] [ DB ] INIT mysql
[ info ] [ SESSION ] INIT array (
  'id' => '',
  'var_session_id' => '',
  'prefix' => 'think',
  'type' => '',
  'auto_start' => true,
)
[ info ] [ VIEW ] D:\php\PHPTutorial\WWW\soukebao\public/../application/admin\view\system\index.html [ array (
  0 => 'admin_name',
  1 => 'list',
) ]
[ info ] [ LOG ] INIT File
[ sql ] [ DB ] CONNECT:[ UseTime:0.011000s ] mysql:host=127.0.0.1;dbname=soukebao;charset=utf8
[ sql ] [ SQL ] SHOW COLUMNS FROM `system` [ RunTime:0.009001s ]
[ sql ] [ SQL ] SELECT `id`,`money` FROM `system` `a` WHERE  `id` = 1 LIMIT 1 [ RunTime:0.001000s ]
---------------------------------------------------------------
[ 2018-07-31T15:22:18+08:00 ] 127.0.0.1 GET /admin/frame/layui/layui.js
[ info ] www.soukebao.com/admin/frame/layui/layui.js [运行时间：0.028001s][吞吐率：35.71req/s] [内存消耗：987.55kb] [文件加载：31]
[ info ] [ LANG ] D:\php\PHPTutorial\WWW\soukebao\thinkphp\lang\zh-cn.php
[ info ] [ ROUTE ] array (
  'type' => 'module',
  'module' => 
  array (
    0 => 'admin',
    1 => 'frame',
    2 => 'layui',
  ),
)
[ info ] [ HEADER ] array (
  'cookie' => 'PHPSESSID=j153htu4eks4f1j92sgfcshls2',
  'accept-language' => 'zh-CN,zh;q=0.9',
  'accept-encoding' => 'gzip, deflate',
  'referer' => 'http://www.soukebao.com/admin/system/index.html',
  'accept' => '*/*',
  'user-agent' => 'Mozilla/5.0 (Windows NT 6.1; WOW64) AppleWebKit/537.36 (KHTML, like Gecko) Chrome/67.0.3396.99 Safari/537.36',
  'connection' => 'keep-alive',
  'host' => 'www.soukebao.com',
  'content-length' => '',
  'content-type' => '',
)
[ info ] [ PARAM ] array (
)
[ info ] [ LOG ] INIT File
---------------------------------------------------------------
[ 2018-07-31T15:22:18+08:00 ] 127.0.0.1 GET /admin/system/frame/static/js/vip_nav.js
[ info ] www.soukebao.com/admin/system/frame/static/js/vip_nav.js [运行时间：0.036002s][吞吐率：27.78req/s] [内存消耗：1,195.27kb] [文件加载：37]
[ info ] [ LANG ] D:\php\PHPTutorial\WWW\soukebao\thinkphp\lang\zh-cn.php
[ info ] [ ROUTE ] array (
  'type' => 'module',
  'module' => 
  array (
    0 => 'admin',
    1 => 'system',
    2 => 'frame',
  ),
)
[ info ] [ HEADER ] array (
  'cookie' => 'PHPSESSID=j153htu4eks4f1j92sgfcshls2',
  'accept-language' => 'zh-CN,zh;q=0.9',
  'accept-encoding' => 'gzip, deflate',
  'referer' => 'http://www.soukebao.com/admin/system/index.html',
  'accept' => '*/*',
  'user-agent' => 'Mozilla/5.0 (Windows NT 6.1; WOW64) AppleWebKit/537.36 (KHTML, like Gecko) Chrome/67.0.3396.99 Safari/537.36',
  'connection' => 'keep-alive',
  'host' => 'www.soukebao.com',
  'content-length' => '',
  'content-type' => '',
)
[ info ] [ PARAM ] array (
  'static' => 'js',
)
[ info ] [ LOG ] INIT File
---------------------------------------------------------------
[ 2018-07-31T15:22:21+08:00 ] 127.0.0.1 GET /admin/user/index.html
[ info ] www.soukebao.com/admin/user/index.html [运行时间：0.051003s][吞吐率：19.61req/s] [内存消耗：2,264.70kb] [文件加载：49]
[ info ] [ LANG ] D:\php\PHPTutorial\WWW\soukebao\thinkphp\lang\zh-cn.php
[ info ] [ ROUTE ] array (
  'type' => 'module',
  'module' => 
  array (
    0 => 'admin',
    1 => 'user',
    2 => 'index',
  ),
)
[ info ] [ HEADER ] array (
  'cookie' => 'PHPSESSID=j153htu4eks4f1j92sgfcshls2',
  'accept-language' => 'zh-CN,zh;q=0.9',
  'accept-encoding' => 'gzip, deflate',
  'referer' => 'http://www.soukebao.com/admin/system/index.html',
  'accept' => 'text/html,application/xhtml+xml,application/xml;q=0.9,image/webp,image/apng,*/*;q=0.8',
  'user-agent' => 'Mozilla/5.0 (Windows NT 6.1; WOW64) AppleWebKit/537.36 (KHTML, like Gecko) Chrome/67.0.3396.99 Safari/537.36',
  'upgrade-insecure-requests' => '1',
  'connection' => 'keep-alive',
  'host' => 'www.soukebao.com',
  'content-length' => '',
  'content-type' => '',
)
[ info ] [ PARAM ] array (
)
[ info ] [ RUN ] app\admin\controller\User->index[ D:\php\PHPTutorial\WWW\soukebao\application\admin\controller\User.php ]
[ info ] [ DB ] INIT mysql
[ info ] [ SESSION ] INIT array (
  'id' => '',
  'var_session_id' => '',
  'prefix' => 'think',
  'type' => '',
  'auto_start' => true,
)
[ info ] [ VIEW ] D:\php\PHPTutorial\WWW\soukebao\public/../application/admin\view\user\index.html [ array (
  0 => 'admin_name',
  1 => 'list',
) ]
[ info ] [ LOG ] INIT File
[ sql ] [ DB ] CONNECT:[ UseTime:0.002000s ] mysql:host=127.0.0.1;dbname=soukebao;charset=utf8
[ sql ] [ SQL ] SHOW COLUMNS FROM `user` [ RunTime:0.006001s ]
[ sql ] [ SQL ] SELECT COUNT(*) AS tp_count FROM ( SELECT count(*) FROM `user` `a` GROUP BY `a`.`id` ) `_group_count_` LIMIT 1 [ RunTime:0.002000s ]
[ sql ] [ SQL ] SELECT `id`,`user_name`,`wx_name`,`wx_avaurl`,`phone`,`last_login`,`role` FROM `user` `a` GROUP BY `a`.`id` ORDER BY `a`.`id` DESC LIMIT 0,10 [ RunTime:0.001000s ]
---------------------------------------------------------------
[ 2018-07-31T15:22:21+08:00 ] 127.0.0.1 GET /admin/user/sdafadsfdsf
[ info ] www.soukebao.com/admin/user/sdafadsfdsf [运行时间：0.020001s][吞吐率：50.00req/s] [内存消耗：1,201.22kb] [文件加载：37]
[ info ] [ LANG ] D:\php\PHPTutorial\WWW\soukebao\thinkphp\lang\zh-cn.php
[ info ] [ ROUTE ] array (
  'type' => 'module',
  'module' => 
  array (
    0 => 'admin',
    1 => 'user',
    2 => 'sdafadsfdsf',
  ),
)
[ info ] [ HEADER ] array (
  'cookie' => 'PHPSESSID=j153htu4eks4f1j92sgfcshls2',
  'accept-language' => 'zh-CN,zh;q=0.9',
  'accept-encoding' => 'gzip, deflate',
  'referer' => 'http://www.soukebao.com/admin/user/index.html',
  'accept' => 'image/webp,image/apng,image/*,*/*;q=0.8',
  'user-agent' => 'Mozilla/5.0 (Windows NT 6.1; WOW64) AppleWebKit/537.36 (KHTML, like Gecko) Chrome/67.0.3396.99 Safari/537.36',
  'connection' => 'keep-alive',
  'host' => 'www.soukebao.com',
  'content-length' => '',
  'content-type' => '',
)
[ info ] [ PARAM ] array (
)
[ info ] [ LOG ] INIT File
---------------------------------------------------------------
[ 2018-07-31T15:22:21+08:00 ] 127.0.0.1 GET /admin/user/frame/static/js/vip_nav.js
[ info ] www.soukebao.com/admin/user/frame/static/js/vip_nav.js [运行时间：0.031001s][吞吐率：32.26req/s] [内存消耗：1,201.59kb] [文件加载：37]
[ info ] [ LANG ] D:\php\PHPTutorial\WWW\soukebao\thinkphp\lang\zh-cn.php
[ info ] [ ROUTE ] array (
  'type' => 'module',
  'module' => 
  array (
    0 => 'admin',
    1 => 'user',
    2 => 'frame',
  ),
)
[ info ] [ HEADER ] array (
  'cookie' => 'PHPSESSID=j153htu4eks4f1j92sgfcshls2',
  'accept-language' => 'zh-CN,zh;q=0.9',
  'accept-encoding' => 'gzip, deflate',
  'referer' => 'http://www.soukebao.com/admin/user/index.html',
  'accept' => '*/*',
  'user-agent' => 'Mozilla/5.0 (Windows NT 6.1; WOW64) AppleWebKit/537.36 (KHTML, like Gecko) Chrome/67.0.3396.99 Safari/537.36',
  'connection' => 'keep-alive',
  'host' => 'www.soukebao.com',
  'content-length' => '',
  'content-type' => '',
)
[ info ] [ PARAM ] array (
  'static' => 'js',
)
[ info ] [ LOG ] INIT File
---------------------------------------------------------------
[ 2018-07-31T15:38:05+08:00 ] 127.0.0.1 GET /admin/user/index.html
[ info ] www.soukebao.com/admin/user/index.html [运行时间：0.059003s][吞吐率：16.95req/s] [内存消耗：2,395.31kb] [文件加载：51]
[ info ] [ LANG ] D:\php\PHPTutorial\WWW\soukebao\thinkphp\lang\zh-cn.php
[ info ] [ ROUTE ] array (
  'type' => 'module',
  'module' => 
  array (
    0 => 'admin',
    1 => 'user',
    2 => 'index',
  ),
)
[ info ] [ HEADER ] array (
  'cookie' => 'PHPSESSID=j153htu4eks4f1j92sgfcshls2',
  'accept-language' => 'zh-CN,zh;q=0.9',
  'accept-encoding' => 'gzip, deflate',
  'referer' => 'http://www.soukebao.com/admin/system/index.html',
  'accept' => 'text/html,application/xhtml+xml,application/xml;q=0.9,image/webp,image/apng,*/*;q=0.8',
  'user-agent' => 'Mozilla/5.0 (Windows NT 6.1; WOW64) AppleWebKit/537.36 (KHTML, like Gecko) Chrome/67.0.3396.99 Safari/537.36',
  'upgrade-insecure-requests' => '1',
  'cache-control' => 'max-age=0',
  'connection' => 'keep-alive',
  'host' => 'www.soukebao.com',
  'content-length' => '',
  'content-type' => '',
)
[ info ] [ PARAM ] array (
)
[ info ] [ RUN ] app\admin\controller\User->index[ D:\php\PHPTutorial\WWW\soukebao\application\admin\controller\User.php ]
[ info ] [ DB ] INIT mysql
[ info ] [ SESSION ] INIT array (
  'id' => '',
  'var_session_id' => '',
  'prefix' => 'think',
  'type' => '',
  'auto_start' => true,
)
[ info ] [ VIEW ] D:\php\PHPTutorial\WWW\soukebao\public/../application/admin\view\user\index.html [ array (
  0 => 'admin_name',
  1 => 'list',
) ]
[ info ] [ LOG ] INIT File
[ sql ] [ DB ] CONNECT:[ UseTime:0.003000s ] mysql:host=127.0.0.1;dbname=soukebao;charset=utf8
[ sql ] [ SQL ] SHOW COLUMNS FROM `user` [ RunTime:0.005000s ]
[ sql ] [ SQL ] SELECT COUNT(*) AS tp_count FROM ( SELECT count(*) FROM `user` `a` GROUP BY `a`.`id` ) `_group_count_` LIMIT 1 [ RunTime:0.001000s ]
[ sql ] [ SQL ] SELECT `id`,`user_name`,`wx_name`,`wx_avaurl`,`phone`,`last_login`,`role` FROM `user` `a` GROUP BY `a`.`id` ORDER BY `a`.`id` DESC LIMIT 0,10 [ RunTime:0.001000s ]
---------------------------------------------------------------
[ 2018-07-31T15:38:05+08:00 ] 127.0.0.1 GET /admin/user/sdafadsfdsf
[ info ] www.soukebao.com/admin/user/sdafadsfdsf [运行时间：0.021001s][吞吐率：47.62req/s] [内存消耗：1,201.22kb] [文件加载：37]
[ info ] [ LANG ] D:\php\PHPTutorial\WWW\soukebao\thinkphp\lang\zh-cn.php
[ info ] [ ROUTE ] array (
  'type' => 'module',
  'module' => 
  array (
    0 => 'admin',
    1 => 'user',
    2 => 'sdafadsfdsf',
  ),
)
[ info ] [ HEADER ] array (
  'cookie' => 'PHPSESSID=j153htu4eks4f1j92sgfcshls2',
  'accept-language' => 'zh-CN,zh;q=0.9',
  'accept-encoding' => 'gzip, deflate',
  'referer' => 'http://www.soukebao.com/admin/user/index.html',
  'accept' => 'image/webp,image/apng,image/*,*/*;q=0.8',
  'user-agent' => 'Mozilla/5.0 (Windows NT 6.1; WOW64) AppleWebKit/537.36 (KHTML, like Gecko) Chrome/67.0.3396.99 Safari/537.36',
  'connection' => 'keep-alive',
  'host' => 'www.soukebao.com',
  'content-length' => '',
  'content-type' => '',
)
[ info ] [ PARAM ] array (
)
[ info ] [ LOG ] INIT File
---------------------------------------------------------------
[ 2018-07-31T15:38:05+08:00 ] 127.0.0.1 GET /admin/user/frame/static/js/vip_nav.js
[ info ] www.soukebao.com/admin/user/frame/static/js/vip_nav.js [运行时间：0.024001s][吞吐率：41.66req/s] [内存消耗：1,201.59kb] [文件加载：37]
[ info ] [ LANG ] D:\php\PHPTutorial\WWW\soukebao\thinkphp\lang\zh-cn.php
[ info ] [ ROUTE ] array (
  'type' => 'module',
  'module' => 
  array (
    0 => 'admin',
    1 => 'user',
    2 => 'frame',
  ),
)
[ info ] [ HEADER ] array (
  'cookie' => 'PHPSESSID=j153htu4eks4f1j92sgfcshls2',
  'accept-language' => 'zh-CN,zh;q=0.9',
  'accept-encoding' => 'gzip, deflate',
  'referer' => 'http://www.soukebao.com/admin/user/index.html',
  'accept' => '*/*',
  'user-agent' => 'Mozilla/5.0 (Windows NT 6.1; WOW64) AppleWebKit/537.36 (KHTML, like Gecko) Chrome/67.0.3396.99 Safari/537.36',
  'connection' => 'keep-alive',
  'host' => 'www.soukebao.com',
  'content-length' => '',
  'content-type' => '',
)
[ info ] [ PARAM ] array (
  'static' => 'js',
)
[ info ] [ LOG ] INIT File
---------------------------------------------------------------
[ 2018-07-31T15:38:09+08:00 ] 127.0.0.1 GET /admin/system/editadmin.html
[ info ] www.soukebao.com/admin/system/editadmin.html [运行时间：0.051003s][吞吐率：19.61req/s] [内存消耗：2,108.18kb] [文件加载：48]
[ info ] [ LANG ] D:\php\PHPTutorial\WWW\soukebao\thinkphp\lang\zh-cn.php
[ info ] [ ROUTE ] array (
  'type' => 'module',
  'module' => 
  array (
    0 => 'admin',
    1 => 'system',
    2 => 'editadmin',
  ),
)
[ info ] [ HEADER ] array (
  'cookie' => 'PHPSESSID=j153htu4eks4f1j92sgfcshls2',
  'accept-language' => 'zh-CN,zh;q=0.9',
  'accept-encoding' => 'gzip, deflate',
  'referer' => 'http://www.soukebao.com/admin/user/index.html',
  'accept' => 'text/html,application/xhtml+xml,application/xml;q=0.9,image/webp,image/apng,*/*;q=0.8',
  'user-agent' => 'Mozilla/5.0 (Windows NT 6.1; WOW64) AppleWebKit/537.36 (KHTML, like Gecko) Chrome/67.0.3396.99 Safari/537.36',
  'upgrade-insecure-requests' => '1',
  'connection' => 'keep-alive',
  'host' => 'www.soukebao.com',
  'content-length' => '',
  'content-type' => '',
)
[ info ] [ PARAM ] array (
)
[ info ] [ RUN ] app\admin\controller\System->editAdmin[ D:\php\PHPTutorial\WWW\soukebao\application\admin\controller\System.php ]
[ info ] [ DB ] INIT mysql
[ info ] [ LOG ] INIT File
[ sql ] [ DB ] CONNECT:[ UseTime:0.004000s ] mysql:host=127.0.0.1;dbname=soukebao;charset=utf8
[ sql ] [ SQL ] SHOW COLUMNS FROM `system` [ RunTime:0.004000s ]
[ error ] [10501]SQLSTATE[42S22]: Column not found: 1054 Unknown column 'admin_name' in 'field list'[D:\php\PHPTutorial\WWW\soukebao\thinkphp\library\think\db\Connection.php:390]
---------------------------------------------------------------
[ 2018-07-31T15:39:11+08:00 ] 127.0.0.1 GET /admin/system/editadmin.html
[ info ] www.soukebao.com/admin/system/editadmin.html [运行时间：0.034002s][吞吐率：29.41req/s] [内存消耗：1,910.23kb] [文件加载：40]
[ info ] [ LANG ] D:\php\PHPTutorial\WWW\soukebao\thinkphp\lang\zh-cn.php
[ info ] [ ROUTE ] array (
  'type' => 'module',
  'module' => 
  array (
    0 => 'admin',
    1 => 'system',
    2 => 'editadmin',
  ),
)
[ info ] [ HEADER ] array (
  'cookie' => 'PHPSESSID=j153htu4eks4f1j92sgfcshls2',
  'accept-language' => 'zh-CN,zh;q=0.9',
  'accept-encoding' => 'gzip, deflate',
  'referer' => 'http://www.soukebao.com/admin/user/index.html',
  'accept' => 'text/html,application/xhtml+xml,application/xml;q=0.9,image/webp,image/apng,*/*;q=0.8',
  'user-agent' => 'Mozilla/5.0 (Windows NT 6.1; WOW64) AppleWebKit/537.36 (KHTML, like Gecko) Chrome/67.0.3396.99 Safari/537.36',
  'upgrade-insecure-requests' => '1',
  'cache-control' => 'max-age=0',
  'connection' => 'keep-alive',
  'host' => 'www.soukebao.com',
  'content-length' => '',
  'content-type' => '',
)
[ info ] [ PARAM ] array (
)
[ info ] [ RUN ] app\admin\controller\System->editAdmin[ D:\php\PHPTutorial\WWW\soukebao\application\admin\controller\System.php ]
[ info ] [ DB ] INIT mysql
[ info ] [ LOG ] INIT File
---------------------------------------------------------------
[ 2018-07-31T15:39:36+08:00 ] 127.0.0.1 GET /admin/system/editadmin.html
[ info ] www.soukebao.com/admin/system/editadmin.html [运行时间：0.032001s][吞吐率：31.25req/s] [内存消耗：1,910.23kb] [文件加载：40]
[ info ] [ LANG ] D:\php\PHPTutorial\WWW\soukebao\thinkphp\lang\zh-cn.php
[ info ] [ ROUTE ] array (
  'type' => 'module',
  'module' => 
  array (
    0 => 'admin',
    1 => 'system',
    2 => 'editadmin',
  ),
)
[ info ] [ HEADER ] array (
  'cookie' => 'PHPSESSID=j153htu4eks4f1j92sgfcshls2',
  'accept-language' => 'zh-CN,zh;q=0.9',
  'accept-encoding' => 'gzip, deflate',
  'referer' => 'http://www.soukebao.com/admin/user/index.html',
  'accept' => 'text/html,application/xhtml+xml,application/xml;q=0.9,image/webp,image/apng,*/*;q=0.8',
  'user-agent' => 'Mozilla/5.0 (Windows NT 6.1; WOW64) AppleWebKit/537.36 (KHTML, like Gecko) Chrome/67.0.3396.99 Safari/537.36',
  'upgrade-insecure-requests' => '1',
  'cache-control' => 'max-age=0',
  'connection' => 'keep-alive',
  'host' => 'www.soukebao.com',
  'content-length' => '',
  'content-type' => '',
)
[ info ] [ PARAM ] array (
)
[ info ] [ RUN ] app\admin\controller\System->editAdmin[ D:\php\PHPTutorial\WWW\soukebao\application\admin\controller\System.php ]
[ info ] [ DB ] INIT mysql
[ info ] [ LOG ] INIT File
---------------------------------------------------------------
[ 2018-07-31T15:39:37+08:00 ] 127.0.0.1 GET /admin/system/editadmin.html
[ info ] www.soukebao.com/admin/system/editadmin.html [运行时间：0.027002s][吞吐率：37.03req/s] [内存消耗：1,910.23kb] [文件加载：40]
[ info ] [ LANG ] D:\php\PHPTutorial\WWW\soukebao\thinkphp\lang\zh-cn.php
[ info ] [ ROUTE ] array (
  'type' => 'module',
  'module' => 
  array (
    0 => 'admin',
    1 => 'system',
    2 => 'editadmin',
  ),
)
[ info ] [ HEADER ] array (
  'cookie' => 'PHPSESSID=j153htu4eks4f1j92sgfcshls2',
  'accept-language' => 'zh-CN,zh;q=0.9',
  'accept-encoding' => 'gzip, deflate',
  'referer' => 'http://www.soukebao.com/admin/user/index.html',
  'accept' => 'text/html,application/xhtml+xml,application/xml;q=0.9,image/webp,image/apng,*/*;q=0.8',
  'user-agent' => 'Mozilla/5.0 (Windows NT 6.1; WOW64) AppleWebKit/537.36 (KHTML, like Gecko) Chrome/67.0.3396.99 Safari/537.36',
  'upgrade-insecure-requests' => '1',
  'cache-control' => 'max-age=0',
  'connection' => 'keep-alive',
  'host' => 'www.soukebao.com',
  'content-length' => '',
  'content-type' => '',
)
[ info ] [ PARAM ] array (
)
[ info ] [ RUN ] app\admin\controller\System->editAdmin[ D:\php\PHPTutorial\WWW\soukebao\application\admin\controller\System.php ]
[ info ] [ DB ] INIT mysql
[ info ] [ LOG ] INIT File
---------------------------------------------------------------
[ 2018-07-31T15:39:39+08:00 ] 127.0.0.1 GET /admin/user/index.html
[ info ] www.soukebao.com/admin/user/index.html [运行时间：0.057004s][吞吐率：17.54req/s] [内存消耗：2,264.86kb] [文件加载：49]
[ info ] [ LANG ] D:\php\PHPTutorial\WWW\soukebao\thinkphp\lang\zh-cn.php
[ info ] [ ROUTE ] array (
  'type' => 'module',
  'module' => 
  array (
    0 => 'admin',
    1 => 'user',
    2 => 'index',
  ),
)
[ info ] [ HEADER ] array (
  'cookie' => 'PHPSESSID=j153htu4eks4f1j92sgfcshls2',
  'accept-language' => 'zh-CN,zh;q=0.9',
  'accept-encoding' => 'gzip, deflate',
  'referer' => 'http://www.soukebao.com/admin/system/index.html',
  'accept' => 'text/html,application/xhtml+xml,application/xml;q=0.9,image/webp,image/apng,*/*;q=0.8',
  'user-agent' => 'Mozilla/5.0 (Windows NT 6.1; WOW64) AppleWebKit/537.36 (KHTML, like Gecko) Chrome/67.0.3396.99 Safari/537.36',
  'upgrade-insecure-requests' => '1',
  'connection' => 'keep-alive',
  'host' => 'www.soukebao.com',
  'content-length' => '',
  'content-type' => '',
)
[ info ] [ PARAM ] array (
)
[ info ] [ RUN ] app\admin\controller\User->index[ D:\php\PHPTutorial\WWW\soukebao\application\admin\controller\User.php ]
[ info ] [ DB ] INIT mysql
[ info ] [ SESSION ] INIT array (
  'id' => '',
  'var_session_id' => '',
  'prefix' => 'think',
  'type' => '',
  'auto_start' => true,
)
[ info ] [ VIEW ] D:\php\PHPTutorial\WWW\soukebao\public/../application/admin\view\user\index.html [ array (
  0 => 'admin_name',
  1 => 'list',
) ]
[ info ] [ LOG ] INIT File
[ sql ] [ DB ] CONNECT:[ UseTime:0.010001s ] mysql:host=127.0.0.1;dbname=soukebao;charset=utf8
[ sql ] [ SQL ] SHOW COLUMNS FROM `user` [ RunTime:0.010000s ]
[ sql ] [ SQL ] SELECT COUNT(*) AS tp_count FROM ( SELECT count(*) FROM `user` `a` GROUP BY `a`.`id` ) `_group_count_` LIMIT 1 [ RunTime:0.000000s ]
[ sql ] [ SQL ] SELECT `id`,`user_name`,`wx_name`,`wx_avaurl`,`phone`,`last_login`,`role` FROM `user` `a` GROUP BY `a`.`id` ORDER BY `a`.`id` DESC LIMIT 0,10 [ RunTime:0.001000s ]
---------------------------------------------------------------
[ 2018-07-31T15:39:40+08:00 ] 127.0.0.1 GET /admin/user/index.html
[ info ] www.soukebao.com/admin/user/index.html [运行时间：0.047003s][吞吐率：21.28req/s] [内存消耗：2,265.19kb] [文件加载：49]
[ info ] [ LANG ] D:\php\PHPTutorial\WWW\soukebao\thinkphp\lang\zh-cn.php
[ info ] [ ROUTE ] array (
  'type' => 'module',
  'module' => 
  array (
    0 => 'admin',
    1 => 'user',
    2 => 'index',
  ),
)
[ info ] [ HEADER ] array (
  'cookie' => 'PHPSESSID=j153htu4eks4f1j92sgfcshls2',
  'accept-language' => 'zh-CN,zh;q=0.9',
  'accept-encoding' => 'gzip, deflate',
  'referer' => 'http://www.soukebao.com/admin/system/index.html',
  'accept' => 'text/html,application/xhtml+xml,application/xml;q=0.9,image/webp,image/apng,*/*;q=0.8',
  'user-agent' => 'Mozilla/5.0 (Windows NT 6.1; WOW64) AppleWebKit/537.36 (KHTML, like Gecko) Chrome/67.0.3396.99 Safari/537.36',
  'upgrade-insecure-requests' => '1',
  'cache-control' => 'max-age=0',
  'connection' => 'keep-alive',
  'host' => 'www.soukebao.com',
  'content-length' => '',
  'content-type' => '',
)
[ info ] [ PARAM ] array (
)
[ info ] [ RUN ] app\admin\controller\User->index[ D:\php\PHPTutorial\WWW\soukebao\application\admin\controller\User.php ]
[ info ] [ DB ] INIT mysql
[ info ] [ SESSION ] INIT array (
  'id' => '',
  'var_session_id' => '',
  'prefix' => 'think',
  'type' => '',
  'auto_start' => true,
)
[ info ] [ VIEW ] D:\php\PHPTutorial\WWW\soukebao\public/../application/admin\view\user\index.html [ array (
  0 => 'admin_name',
  1 => 'list',
) ]
[ info ] [ LOG ] INIT File
[ sql ] [ DB ] CONNECT:[ UseTime:0.001000s ] mysql:host=127.0.0.1;dbname=soukebao;charset=utf8
[ sql ] [ SQL ] SHOW COLUMNS FROM `user` [ RunTime:0.007001s ]
[ sql ] [ SQL ] SELECT COUNT(*) AS tp_count FROM ( SELECT count(*) FROM `user` `a` GROUP BY `a`.`id` ) `_group_count_` LIMIT 1 [ RunTime:0.001000s ]
[ sql ] [ SQL ] SELECT `id`,`user_name`,`wx_name`,`wx_avaurl`,`phone`,`last_login`,`role` FROM `user` `a` GROUP BY `a`.`id` ORDER BY `a`.`id` DESC LIMIT 0,10 [ RunTime:0.000000s ]
---------------------------------------------------------------
[ 2018-07-31T15:39:40+08:00 ] 127.0.0.1 GET /admin/user/sdafadsfdsf
[ info ] www.soukebao.com/admin/user/sdafadsfdsf [运行时间：0.019001s][吞吐率：52.63req/s] [内存消耗：1,201.22kb] [文件加载：37]
[ info ] [ LANG ] D:\php\PHPTutorial\WWW\soukebao\thinkphp\lang\zh-cn.php
[ info ] [ ROUTE ] array (
  'type' => 'module',
  'module' => 
  array (
    0 => 'admin',
    1 => 'user',
    2 => 'sdafadsfdsf',
  ),
)
[ info ] [ HEADER ] array (
  'cookie' => 'PHPSESSID=j153htu4eks4f1j92sgfcshls2',
  'accept-language' => 'zh-CN,zh;q=0.9',
  'accept-encoding' => 'gzip, deflate',
  'referer' => 'http://www.soukebao.com/admin/user/index.html',
  'accept' => 'image/webp,image/apng,image/*,*/*;q=0.8',
  'user-agent' => 'Mozilla/5.0 (Windows NT 6.1; WOW64) AppleWebKit/537.36 (KHTML, like Gecko) Chrome/67.0.3396.99 Safari/537.36',
  'connection' => 'keep-alive',
  'host' => 'www.soukebao.com',
  'content-length' => '',
  'content-type' => '',
)
[ info ] [ PARAM ] array (
)
[ info ] [ LOG ] INIT File
---------------------------------------------------------------
[ 2018-07-31T15:39:40+08:00 ] 127.0.0.1 GET /admin/user/frame/static/js/vip_nav.js
[ info ] www.soukebao.com/admin/user/frame/static/js/vip_nav.js [运行时间：0.031002s][吞吐率：32.26req/s] [内存消耗：1,201.59kb] [文件加载：37]
[ info ] [ LANG ] D:\php\PHPTutorial\WWW\soukebao\thinkphp\lang\zh-cn.php
[ info ] [ ROUTE ] array (
  'type' => 'module',
  'module' => 
  array (
    0 => 'admin',
    1 => 'user',
    2 => 'frame',
  ),
)
[ info ] [ HEADER ] array (
  'cookie' => 'PHPSESSID=j153htu4eks4f1j92sgfcshls2',
  'accept-language' => 'zh-CN,zh;q=0.9',
  'accept-encoding' => 'gzip, deflate',
  'referer' => 'http://www.soukebao.com/admin/user/index.html',
  'accept' => '*/*',
  'user-agent' => 'Mozilla/5.0 (Windows NT 6.1; WOW64) AppleWebKit/537.36 (KHTML, like Gecko) Chrome/67.0.3396.99 Safari/537.36',
  'connection' => 'keep-alive',
  'host' => 'www.soukebao.com',
  'content-length' => '',
  'content-type' => '',
)
[ info ] [ PARAM ] array (
  'static' => 'js',
)
[ info ] [ LOG ] INIT File
---------------------------------------------------------------
[ 2018-07-31T15:39:42+08:00 ] 127.0.0.1 GET /admin/system/editadmin.html
[ info ] www.soukebao.com/admin/system/editadmin.html [运行时间：0.031002s][吞吐率：32.26req/s] [内存消耗：1,909.90kb] [文件加载：40]
[ info ] [ LANG ] D:\php\PHPTutorial\WWW\soukebao\thinkphp\lang\zh-cn.php
[ info ] [ ROUTE ] array (
  'type' => 'module',
  'module' => 
  array (
    0 => 'admin',
    1 => 'system',
    2 => 'editadmin',
  ),
)
[ info ] [ HEADER ] array (
  'cookie' => 'PHPSESSID=j153htu4eks4f1j92sgfcshls2',
  'accept-language' => 'zh-CN,zh;q=0.9',
  'accept-encoding' => 'gzip, deflate',
  'referer' => 'http://www.soukebao.com/admin/user/index.html',
  'accept' => 'text/html,application/xhtml+xml,application/xml;q=0.9,image/webp,image/apng,*/*;q=0.8',
  'user-agent' => 'Mozilla/5.0 (Windows NT 6.1; WOW64) AppleWebKit/537.36 (KHTML, like Gecko) Chrome/67.0.3396.99 Safari/537.36',
  'upgrade-insecure-requests' => '1',
  'connection' => 'keep-alive',
  'host' => 'www.soukebao.com',
  'content-length' => '',
  'content-type' => '',
)
[ info ] [ PARAM ] array (
)
[ info ] [ RUN ] app\admin\controller\System->editAdmin[ D:\php\PHPTutorial\WWW\soukebao\application\admin\controller\System.php ]
[ info ] [ DB ] INIT mysql
[ info ] [ LOG ] INIT File
---------------------------------------------------------------
[ 2018-07-31T15:39:50+08:00 ] 127.0.0.1 GET /admin/system/editadmin.html
[ info ] www.soukebao.com/admin/system/editadmin.html [运行时间：0.049003s][吞吐率：20.41req/s] [内存消耗：2,305.52kb] [文件加载：47]
[ info ] [ LANG ] D:\php\PHPTutorial\WWW\soukebao\thinkphp\lang\zh-cn.php
[ info ] [ ROUTE ] array (
  'type' => 'module',
  'module' => 
  array (
    0 => 'admin',
    1 => 'system',
    2 => 'editadmin',
  ),
)
[ info ] [ HEADER ] array (
  'cookie' => 'PHPSESSID=j153htu4eks4f1j92sgfcshls2',
  'accept-language' => 'zh-CN,zh;q=0.9',
  'accept-encoding' => 'gzip, deflate',
  'referer' => 'http://www.soukebao.com/admin/user/index.html',
  'accept' => 'text/html,application/xhtml+xml,application/xml;q=0.9,image/webp,image/apng,*/*;q=0.8',
  'user-agent' => 'Mozilla/5.0 (Windows NT 6.1; WOW64) AppleWebKit/537.36 (KHTML, like Gecko) Chrome/67.0.3396.99 Safari/537.36',
  'upgrade-insecure-requests' => '1',
  'cache-control' => 'max-age=0',
  'connection' => 'keep-alive',
  'host' => 'www.soukebao.com',
  'content-length' => '',
  'content-type' => '',
)
[ info ] [ PARAM ] array (
)
[ info ] [ RUN ] app\admin\controller\System->editAdmin[ D:\php\PHPTutorial\WWW\soukebao\application\admin\controller\System.php ]
[ info ] [ DB ] INIT mysql
[ info ] [ SESSION ] INIT array (
  'id' => '',
  'var_session_id' => '',
  'prefix' => 'think',
  'type' => '',
  'auto_start' => true,
)
[ info ] [ VIEW ] D:\php\PHPTutorial\WWW\soukebao\public/../application/admin\view\system\edit_admin.html [ array (
  0 => 'admin_name',
  1 => 'list',
) ]
[ info ] [ LOG ] INIT File
[ sql ] [ DB ] CONNECT:[ UseTime:0.002000s ] mysql:host=127.0.0.1;dbname=soukebao;charset=utf8
[ sql ] [ SQL ] SHOW COLUMNS FROM `admin` [ RunTime:0.007001s ]
[ sql ] [ SQL ] SELECT `id`,`admin_name` FROM `admin` `a` WHERE  `id` = 1 LIMIT 1 [ RunTime:0.000000s ]
---------------------------------------------------------------
[ 2018-07-31T15:39:50+08:00 ] 127.0.0.1 GET /admin/frame/layui/layui.js
[ info ] www.soukebao.com/admin/frame/layui/layui.js [运行时间：0.020002s][吞吐率：50.00req/s] [内存消耗：987.60kb] [文件加载：31]
[ info ] [ LANG ] D:\php\PHPTutorial\WWW\soukebao\thinkphp\lang\zh-cn.php
[ info ] [ ROUTE ] array (
  'type' => 'module',
  'module' => 
  array (
    0 => 'admin',
    1 => 'frame',
    2 => 'layui',
  ),
)
[ info ] [ HEADER ] array (
  'cookie' => 'PHPSESSID=j153htu4eks4f1j92sgfcshls2',
  'accept-language' => 'zh-CN,zh;q=0.9',
  'accept-encoding' => 'gzip, deflate',
  'referer' => 'http://www.soukebao.com/admin/system/editadmin.html',
  'accept' => '*/*',
  'user-agent' => 'Mozilla/5.0 (Windows NT 6.1; WOW64) AppleWebKit/537.36 (KHTML, like Gecko) Chrome/67.0.3396.99 Safari/537.36',
  'connection' => 'keep-alive',
  'host' => 'www.soukebao.com',
  'content-length' => '',
  'content-type' => '',
)
[ info ] [ PARAM ] array (
)
[ info ] [ LOG ] INIT File
---------------------------------------------------------------
[ 2018-07-31T15:39:50+08:00 ] 127.0.0.1 GET /admin/system/frame/static/js/vip_nav.js
[ info ] www.soukebao.com/admin/system/frame/static/js/vip_nav.js [运行时间：0.022001s][吞吐率：45.45req/s] [内存消耗：1,196.32kb] [文件加载：37]
[ info ] [ LANG ] D:\php\PHPTutorial\WWW\soukebao\thinkphp\lang\zh-cn.php
[ info ] [ ROUTE ] array (
  'type' => 'module',
  'module' => 
  array (
    0 => 'admin',
    1 => 'system',
    2 => 'frame',
  ),
)
[ info ] [ HEADER ] array (
  'cookie' => 'PHPSESSID=j153htu4eks4f1j92sgfcshls2',
  'accept-language' => 'zh-CN,zh;q=0.9',
  'accept-encoding' => 'gzip, deflate',
  'referer' => 'http://www.soukebao.com/admin/system/editadmin.html',
  'accept' => '*/*',
  'user-agent' => 'Mozilla/5.0 (Windows NT 6.1; WOW64) AppleWebKit/537.36 (KHTML, like Gecko) Chrome/67.0.3396.99 Safari/537.36',
  'connection' => 'keep-alive',
  'host' => 'www.soukebao.com',
  'content-length' => '',
  'content-type' => '',
)
[ info ] [ PARAM ] array (
  'static' => 'js',
)
[ info ] [ LOG ] INIT File
---------------------------------------------------------------
[ 2018-07-31T15:40:15+08:00 ] 127.0.0.1 GET /admin/system/editadmin.html?admin_name=lisi&admin_pwd=123&id=1
[ info ] www.soukebao.com/admin/system/editadmin.html?admin_name=lisi&admin_pwd=123&id=1 [运行时间：0.064004s][吞吐率：15.62req/s] [内存消耗：2,199.02kb] [文件加载：48]
[ info ] [ LANG ] D:\php\PHPTutorial\WWW\soukebao\thinkphp\lang\zh-cn.php
[ info ] [ ROUTE ] array (
  'type' => 'module',
  'module' => 
  array (
    0 => 'admin',
    1 => 'system',
    2 => 'editadmin',
  ),
)
[ info ] [ HEADER ] array (
  'cookie' => 'PHPSESSID=j153htu4eks4f1j92sgfcshls2',
  'accept-language' => 'zh-CN,zh;q=0.9',
  'accept-encoding' => 'gzip, deflate',
  'referer' => 'http://www.soukebao.com/admin/system/editadmin.html',
  'accept' => 'text/html,application/xhtml+xml,application/xml;q=0.9,image/webp,image/apng,*/*;q=0.8',
  'user-agent' => 'Mozilla/5.0 (Windows NT 6.1; WOW64) AppleWebKit/537.36 (KHTML, like Gecko) Chrome/67.0.3396.99 Safari/537.36',
  'upgrade-insecure-requests' => '1',
  'connection' => 'keep-alive',
  'host' => 'www.soukebao.com',
  'content-length' => '',
  'content-type' => '',
)
[ info ] [ PARAM ] array (
  'admin_name' => 'lisi',
  'admin_pwd' => '123',
  'id' => '1',
)
[ info ] [ RUN ] app\admin\controller\System->editAdmin[ D:\php\PHPTutorial\WWW\soukebao\application\admin\controller\System.php ]
[ info ] [ DB ] INIT mysql
[ info ] [ CACHE ] INIT File
[ info ] [ SESSION ] INIT array (
  'id' => '',
  'var_session_id' => '',
  'prefix' => 'think',
  'type' => '',
  'auto_start' => true,
)
[ info ] [ VIEW ] D:\php\PHPTutorial\WWW\soukebao\public/../application/admin\view\system\edit_admin.html [ array (
  0 => 'admin_name',
  1 => 'list',
) ]
[ info ] [ LOG ] INIT File
[ sql ] [ DB ] CONNECT:[ UseTime:0.011001s ] mysql:host=127.0.0.1;dbname=soukebao;charset=utf8
[ sql ] [ SQL ] SHOW COLUMNS FROM `admin` [ RunTime:0.003000s ]
[ sql ] [ SQL ] SELECT `id`,`admin_name` FROM `admin` `a` WHERE  `id` = 1 LIMIT 1 [ RunTime:0.002000s ]
[ sql ] [ SQL ] UPDATE `admin`  SET `admin_name`='lisi',`admin_pwd`='123',`id`=1  WHERE  `id` = 1 [ RunTime:0.003000s ]
---------------------------------------------------------------
[ 2018-07-31T15:40:15+08:00 ] 127.0.0.1 GET /admin/frame/layui/layui.js
[ info ] www.soukebao.com/admin/frame/layui/layui.js [运行时间：0.019001s][吞吐率：52.63req/s] [内存消耗：987.82kb] [文件加载：31]
[ info ] [ LANG ] D:\php\PHPTutorial\WWW\soukebao\thinkphp\lang\zh-cn.php
[ info ] [ ROUTE ] array (
  'type' => 'module',
  'module' => 
  array (
    0 => 'admin',
    1 => 'frame',
    2 => 'layui',
  ),
)
[ info ] [ HEADER ] array (
  'cookie' => 'PHPSESSID=j153htu4eks4f1j92sgfcshls2',
  'accept-language' => 'zh-CN,zh;q=0.9',
  'accept-encoding' => 'gzip, deflate',
  'referer' => 'http://www.soukebao.com/admin/system/editadmin.html?admin_name=lisi&admin_pwd=123&id=1',
  'accept' => '*/*',
  'user-agent' => 'Mozilla/5.0 (Windows NT 6.1; WOW64) AppleWebKit/537.36 (KHTML, like Gecko) Chrome/67.0.3396.99 Safari/537.36',
  'connection' => 'keep-alive',
  'host' => 'www.soukebao.com',
  'content-length' => '',
  'content-type' => '',
)
[ info ] [ PARAM ] array (
)
[ info ] [ LOG ] INIT File
---------------------------------------------------------------
[ 2018-07-31T15:40:15+08:00 ] 127.0.0.1 GET /admin/system/frame/static/js/vip_nav.js
[ info ] www.soukebao.com/admin/system/frame/static/js/vip_nav.js [运行时间：0.030002s][吞吐率：33.33req/s] [内存消耗：1,196.54kb] [文件加载：37]
[ info ] [ LANG ] D:\php\PHPTutorial\WWW\soukebao\thinkphp\lang\zh-cn.php
[ info ] [ ROUTE ] array (
  'type' => 'module',
  'module' => 
  array (
    0 => 'admin',
    1 => 'system',
    2 => 'frame',
  ),
)
[ info ] [ HEADER ] array (
  'cookie' => 'PHPSESSID=j153htu4eks4f1j92sgfcshls2',
  'accept-language' => 'zh-CN,zh;q=0.9',
  'accept-encoding' => 'gzip, deflate',
  'referer' => 'http://www.soukebao.com/admin/system/editadmin.html?admin_name=lisi&admin_pwd=123&id=1',
  'accept' => '*/*',
  'user-agent' => 'Mozilla/5.0 (Windows NT 6.1; WOW64) AppleWebKit/537.36 (KHTML, like Gecko) Chrome/67.0.3396.99 Safari/537.36',
  'connection' => 'keep-alive',
  'host' => 'www.soukebao.com',
  'content-length' => '',
  'content-type' => '',
)
[ info ] [ PARAM ] array (
  'static' => 'js',
)
[ info ] [ LOG ] INIT File
---------------------------------------------------------------
[ 2018-07-31T15:42:10+08:00 ] 127.0.0.1 GET /admin/system/editadmin.html?admin_name=zhangsan&admin_pwd=123&id=1
[ info ] www.soukebao.com/admin/system/editadmin.html?admin_name=zhangsan&admin_pwd=123&id=1 [运行时间：0.052003s][吞吐率：19.23req/s] [内存消耗：2,200.15kb] [文件加载：48]
[ info ] [ LANG ] D:\php\PHPTutorial\WWW\soukebao\thinkphp\lang\zh-cn.php
[ info ] [ ROUTE ] array (
  'type' => 'module',
  'module' => 
  array (
    0 => 'admin',
    1 => 'system',
    2 => 'editadmin',
  ),
)
[ info ] [ HEADER ] array (
  'cookie' => 'PHPSESSID=j153htu4eks4f1j92sgfcshls2',
  'accept-language' => 'zh-CN,zh;q=0.9',
  'accept-encoding' => 'gzip, deflate',
  'referer' => 'http://www.soukebao.com/admin/system/editadmin.html?admin_name=lisi&admin_pwd=123&id=1',
  'accept' => 'text/html,application/xhtml+xml,application/xml;q=0.9,image/webp,image/apng,*/*;q=0.8',
  'user-agent' => 'Mozilla/5.0 (Windows NT 6.1; WOW64) AppleWebKit/537.36 (KHTML, like Gecko) Chrome/67.0.3396.99 Safari/537.36',
  'upgrade-insecure-requests' => '1',
  'connection' => 'keep-alive',
  'host' => 'www.soukebao.com',
  'content-length' => '',
  'content-type' => '',
)
[ info ] [ PARAM ] array (
  'admin_name' => 'zhangsan',
  'admin_pwd' => '123',
  'id' => '1',
)
[ info ] [ RUN ] app\admin\controller\System->editAdmin[ D:\php\PHPTutorial\WWW\soukebao\application\admin\controller\System.php ]
[ info ] [ DB ] INIT mysql
[ info ] [ CACHE ] INIT File
[ info ] [ SESSION ] INIT array (
  'id' => '',
  'var_session_id' => '',
  'prefix' => 'think',
  'type' => '',
  'auto_start' => true,
)
[ info ] [ VIEW ] D:\php\PHPTutorial\WWW\soukebao\public/../application/admin\view\system\edit_admin.html [ array (
  0 => 'admin_name',
  1 => 'list',
) ]
[ info ] [ LOG ] INIT File
[ sql ] [ DB ] CONNECT:[ UseTime:0.005000s ] mysql:host=127.0.0.1;dbname=soukebao;charset=utf8
[ sql ] [ SQL ] SHOW COLUMNS FROM `admin` [ RunTime:0.004000s ]
[ sql ] [ SQL ] SELECT `id`,`admin_name` FROM `admin` `a` WHERE  `id` = 1 LIMIT 1 [ RunTime:0.001001s ]
[ sql ] [ SQL ] UPDATE `admin`  SET `admin_name`='zhangsan',`admin_pwd`='202cb962ac59075b964b07152d234b70',`id`=1  WHERE  `id` = 1 [ RunTime:0.000000s ]
---------------------------------------------------------------
[ 2018-07-31T15:42:10+08:00 ] 127.0.0.1 GET /admin/frame/layui/layui.js
[ info ] www.soukebao.com/admin/frame/layui/layui.js [运行时间：0.016001s][吞吐率：62.50req/s] [内存消耗：987.82kb] [文件加载：31]
[ info ] [ LANG ] D:\php\PHPTutorial\WWW\soukebao\thinkphp\lang\zh-cn.php
[ info ] [ ROUTE ] array (
  'type' => 'module',
  'module' => 
  array (
    0 => 'admin',
    1 => 'frame',
    2 => 'layui',
  ),
)
[ info ] [ HEADER ] array (
  'cookie' => 'PHPSESSID=j153htu4eks4f1j92sgfcshls2',
  'accept-language' => 'zh-CN,zh;q=0.9',
  'accept-encoding' => 'gzip, deflate',
  'referer' => 'http://www.soukebao.com/admin/system/editadmin.html?admin_name=zhangsan&admin_pwd=123&id=1',
  'accept' => '*/*',
  'user-agent' => 'Mozilla/5.0 (Windows NT 6.1; WOW64) AppleWebKit/537.36 (KHTML, like Gecko) Chrome/67.0.3396.99 Safari/537.36',
  'connection' => 'keep-alive',
  'host' => 'www.soukebao.com',
  'content-length' => '',
  'content-type' => '',
)
[ info ] [ PARAM ] array (
)
[ info ] [ LOG ] INIT File
---------------------------------------------------------------
[ 2018-07-31T15:42:10+08:00 ] 127.0.0.1 GET /admin/system/frame/static/js/vip_nav.js
[ info ] www.soukebao.com/admin/system/frame/static/js/vip_nav.js [运行时间：0.031002s][吞吐率：32.26req/s] [内存消耗：1,196.54kb] [文件加载：37]
[ info ] [ LANG ] D:\php\PHPTutorial\WWW\soukebao\thinkphp\lang\zh-cn.php
[ info ] [ ROUTE ] array (
  'type' => 'module',
  'module' => 
  array (
    0 => 'admin',
    1 => 'system',
    2 => 'frame',
  ),
)
[ info ] [ HEADER ] array (
  'cookie' => 'PHPSESSID=j153htu4eks4f1j92sgfcshls2',
  'accept-language' => 'zh-CN,zh;q=0.9',
  'accept-encoding' => 'gzip, deflate',
  'referer' => 'http://www.soukebao.com/admin/system/editadmin.html?admin_name=zhangsan&admin_pwd=123&id=1',
  'accept' => '*/*',
  'user-agent' => 'Mozilla/5.0 (Windows NT 6.1; WOW64) AppleWebKit/537.36 (KHTML, like Gecko) Chrome/67.0.3396.99 Safari/537.36',
  'connection' => 'keep-alive',
  'host' => 'www.soukebao.com',
  'content-length' => '',
  'content-type' => '',
)
[ info ] [ PARAM ] array (
  'static' => 'js',
)
[ info ] [ LOG ] INIT File
---------------------------------------------------------------
[ 2018-07-31T15:42:56+08:00 ] 127.0.0.1 GET /admin/system/editadmin.html?admin_name=zhangsan&admin_pwd=123&id=1
[ info ] www.soukebao.com/admin/system/editadmin.html?admin_name=zhangsan&admin_pwd=123&id=1 [运行时间：0.051003s][吞吐率：19.61req/s] [内存消耗：2,306.63kb] [文件加载：47]
[ info ] [ LANG ] D:\php\PHPTutorial\WWW\soukebao\thinkphp\lang\zh-cn.php
[ info ] [ ROUTE ] array (
  'type' => 'module',
  'module' => 
  array (
    0 => 'admin',
    1 => 'system',
    2 => 'editadmin',
  ),
)
[ info ] [ HEADER ] array (
  'cookie' => 'PHPSESSID=j153htu4eks4f1j92sgfcshls2',
  'accept-language' => 'zh-CN,zh;q=0.9',
  'accept-encoding' => 'gzip, deflate',
  'referer' => 'http://www.soukebao.com/admin/system/editadmin.html?admin_name=lisi&admin_pwd=123&id=1',
  'accept' => 'text/html,application/xhtml+xml,application/xml;q=0.9,image/webp,image/apng,*/*;q=0.8',
  'user-agent' => 'Mozilla/5.0 (Windows NT 6.1; WOW64) AppleWebKit/537.36 (KHTML, like Gecko) Chrome/67.0.3396.99 Safari/537.36',
  'upgrade-insecure-requests' => '1',
  'cache-control' => 'max-age=0',
  'connection' => 'keep-alive',
  'host' => 'www.soukebao.com',
  'content-length' => '',
  'content-type' => '',
)
[ info ] [ PARAM ] array (
  'admin_name' => 'zhangsan',
  'admin_pwd' => '123',
  'id' => '1',
)
[ info ] [ RUN ] app\admin\controller\System->editAdmin[ D:\php\PHPTutorial\WWW\soukebao\application\admin\controller\System.php ]
[ info ] [ DB ] INIT mysql
[ info ] [ SESSION ] INIT array (
  'id' => '',
  'var_session_id' => '',
  'prefix' => 'think',
  'type' => '',
  'auto_start' => true,
)
[ info ] [ VIEW ] D:\php\PHPTutorial\WWW\soukebao\public/../application/admin\view\system\edit_admin.html [ array (
  0 => 'admin_name',
  1 => 'list',
) ]
[ info ] [ LOG ] INIT File
[ sql ] [ DB ] CONNECT:[ UseTime:0.001000s ] mysql:host=127.0.0.1;dbname=soukebao;charset=utf8
[ sql ] [ SQL ] SHOW COLUMNS FROM `admin` [ RunTime:0.004001s ]
[ sql ] [ SQL ] SELECT `id`,`admin_name` FROM `admin` `a` WHERE  `id` = 1 LIMIT 1 [ RunTime:0.001000s ]
---------------------------------------------------------------
[ 2018-07-31T15:42:56+08:00 ] 127.0.0.1 GET /admin/frame/layui/layui.js
[ info ] www.soukebao.com/admin/frame/layui/layui.js [运行时间：0.016001s][吞吐率：62.50req/s] [内存消耗：987.82kb] [文件加载：31]
[ info ] [ LANG ] D:\php\PHPTutorial\WWW\soukebao\thinkphp\lang\zh-cn.php
[ info ] [ ROUTE ] array (
  'type' => 'module',
  'module' => 
  array (
    0 => 'admin',
    1 => 'frame',
    2 => 'layui',
  ),
)
[ info ] [ HEADER ] array (
  'cookie' => 'PHPSESSID=j153htu4eks4f1j92sgfcshls2',
  'accept-language' => 'zh-CN,zh;q=0.9',
  'accept-encoding' => 'gzip, deflate',
  'referer' => 'http://www.soukebao.com/admin/system/editadmin.html?admin_name=zhangsan&admin_pwd=123&id=1',
  'accept' => '*/*',
  'user-agent' => 'Mozilla/5.0 (Windows NT 6.1; WOW64) AppleWebKit/537.36 (KHTML, like Gecko) Chrome/67.0.3396.99 Safari/537.36',
  'connection' => 'keep-alive',
  'host' => 'www.soukebao.com',
  'content-length' => '',
  'content-type' => '',
)
[ info ] [ PARAM ] array (
)
[ info ] [ LOG ] INIT File
---------------------------------------------------------------
[ 2018-07-31T15:42:56+08:00 ] 127.0.0.1 GET /admin/frame/layui/layui.js
[ info ] www.soukebao.com/admin/frame/layui/layui.js [运行时间：0.017001s][吞吐率：58.82req/s] [内存消耗：987.82kb] [文件加载：31]
[ info ] [ LANG ] D:\php\PHPTutorial\WWW\soukebao\thinkphp\lang\zh-cn.php
[ info ] [ ROUTE ] array (
  'type' => 'module',
  'module' => 
  array (
    0 => 'admin',
    1 => 'frame',
    2 => 'layui',
  ),
)
[ info ] [ HEADER ] array (
  'cookie' => 'PHPSESSID=j153htu4eks4f1j92sgfcshls2',
  'accept-language' => 'zh-CN,zh;q=0.9',
  'accept-encoding' => 'gzip, deflate',
  'referer' => 'http://www.soukebao.com/admin/system/editadmin.html?admin_name=zhangsan&admin_pwd=123&id=1',
  'accept' => '*/*',
  'user-agent' => 'Mozilla/5.0 (Windows NT 6.1; WOW64) AppleWebKit/537.36 (KHTML, like Gecko) Chrome/67.0.3396.99 Safari/537.36',
  'connection' => 'keep-alive',
  'host' => 'www.soukebao.com',
  'content-length' => '',
  'content-type' => '',
)
[ info ] [ PARAM ] array (
)
[ info ] [ LOG ] INIT File
---------------------------------------------------------------
[ 2018-07-31T15:42:57+08:00 ] 127.0.0.1 GET /admin/system/frame/static/js/vip_nav.js
[ info ] www.soukebao.com/admin/system/frame/static/js/vip_nav.js [运行时间：0.020001s][吞吐率：50.00req/s] [内存消耗：1,196.54kb] [文件加载：37]
[ info ] [ LANG ] D:\php\PHPTutorial\WWW\soukebao\thinkphp\lang\zh-cn.php
[ info ] [ ROUTE ] array (
  'type' => 'module',
  'module' => 
  array (
    0 => 'admin',
    1 => 'system',
    2 => 'frame',
  ),
)
[ info ] [ HEADER ] array (
  'cookie' => 'PHPSESSID=j153htu4eks4f1j92sgfcshls2',
  'accept-language' => 'zh-CN,zh;q=0.9',
  'accept-encoding' => 'gzip, deflate',
  'referer' => 'http://www.soukebao.com/admin/system/editadmin.html?admin_name=zhangsan&admin_pwd=123&id=1',
  'accept' => '*/*',
  'user-agent' => 'Mozilla/5.0 (Windows NT 6.1; WOW64) AppleWebKit/537.36 (KHTML, like Gecko) Chrome/67.0.3396.99 Safari/537.36',
  'connection' => 'keep-alive',
  'host' => 'www.soukebao.com',
  'content-length' => '',
  'content-type' => '',
)
[ info ] [ PARAM ] array (
  'static' => 'js',
)
[ info ] [ LOG ] INIT File
---------------------------------------------------------------
[ 2018-07-31T15:43:01+08:00 ] 127.0.0.1 GET /admin/system/editadmin.html
[ info ] www.soukebao.com/admin/system/editadmin.html [运行时间：0.046002s][吞吐率：21.74req/s] [内存消耗：2,176.09kb] [文件加载：45]
[ info ] [ LANG ] D:\php\PHPTutorial\WWW\soukebao\thinkphp\lang\zh-cn.php
[ info ] [ ROUTE ] array (
  'type' => 'module',
  'module' => 
  array (
    0 => 'admin',
    1 => 'system',
    2 => 'editadmin',
  ),
)
[ info ] [ HEADER ] array (
  'cookie' => 'PHPSESSID=j153htu4eks4f1j92sgfcshls2',
  'accept-language' => 'zh-CN,zh;q=0.9',
  'accept-encoding' => 'gzip, deflate',
  'referer' => 'http://www.soukebao.com/admin/system/editadmin.html?admin_name=zhangsan&admin_pwd=123&id=1',
  'accept' => 'text/html,application/xhtml+xml,application/xml;q=0.9,image/webp,image/apng,*/*;q=0.8',
  'user-agent' => 'Mozilla/5.0 (Windows NT 6.1; WOW64) AppleWebKit/537.36 (KHTML, like Gecko) Chrome/67.0.3396.99 Safari/537.36',
  'upgrade-insecure-requests' => '1',
  'connection' => 'keep-alive',
  'host' => 'www.soukebao.com',
  'content-length' => '',
  'content-type' => '',
)
[ info ] [ PARAM ] array (
)
[ info ] [ RUN ] app\admin\controller\System->editAdmin[ D:\php\PHPTutorial\WWW\soukebao\application\admin\controller\System.php ]
[ info ] [ DB ] INIT mysql
[ info ] [ SESSION ] INIT array (
  'id' => '',
  'var_session_id' => '',
  'prefix' => 'think',
  'type' => '',
  'auto_start' => true,
)
[ info ] [ VIEW ] D:\php\PHPTutorial\WWW\soukebao\public/../application/admin\view\system\edit_admin.html [ array (
  0 => 'admin_name',
  1 => 'list',
) ]
[ info ] [ LOG ] INIT File
[ sql ] [ DB ] CONNECT:[ UseTime:0.006001s ] mysql:host=127.0.0.1;dbname=soukebao;charset=utf8
[ sql ] [ SQL ] SHOW COLUMNS FROM `admin` [ RunTime:0.004000s ]
[ sql ] [ SQL ] SELECT `id`,`admin_name` FROM `admin` `a` WHERE  `id` = 1 LIMIT 1 [ RunTime:0.001000s ]
---------------------------------------------------------------
[ 2018-07-31T15:43:01+08:00 ] 127.0.0.1 GET /admin/frame/layui/layui.js
[ info ] www.soukebao.com/admin/frame/layui/layui.js [运行时间：0.049003s][吞吐率：20.41req/s] [内存消耗：987.60kb] [文件加载：31]
[ info ] [ LANG ] D:\php\PHPTutorial\WWW\soukebao\thinkphp\lang\zh-cn.php
[ info ] [ ROUTE ] array (
  'type' => 'module',
  'module' => 
  array (
    0 => 'admin',
    1 => 'frame',
    2 => 'layui',
  ),
)
[ info ] [ HEADER ] array (
  'cookie' => 'PHPSESSID=j153htu4eks4f1j92sgfcshls2',
  'accept-language' => 'zh-CN,zh;q=0.9',
  'accept-encoding' => 'gzip, deflate',
  'referer' => 'http://www.soukebao.com/admin/system/editadmin.html',
  'accept' => '*/*',
  'user-agent' => 'Mozilla/5.0 (Windows NT 6.1; WOW64) AppleWebKit/537.36 (KHTML, like Gecko) Chrome/67.0.3396.99 Safari/537.36',
  'connection' => 'keep-alive',
  'host' => 'www.soukebao.com',
  'content-length' => '',
  'content-type' => '',
)
[ info ] [ PARAM ] array (
)
[ info ] [ LOG ] INIT File
---------------------------------------------------------------
[ 2018-07-31T15:43:02+08:00 ] 127.0.0.1 GET /admin/frame/layui/layui.js
[ info ] www.soukebao.com/admin/frame/layui/layui.js [运行时间：0.072004s][吞吐率：13.89req/s] [内存消耗：987.60kb] [文件加载：31]
[ info ] [ LANG ] D:\php\PHPTutorial\WWW\soukebao\thinkphp\lang\zh-cn.php
[ info ] [ ROUTE ] array (
  'type' => 'module',
  'module' => 
  array (
    0 => 'admin',
    1 => 'frame',
    2 => 'layui',
  ),
)
[ info ] [ HEADER ] array (
  'cookie' => 'PHPSESSID=j153htu4eks4f1j92sgfcshls2',
  'accept-language' => 'zh-CN,zh;q=0.9',
  'accept-encoding' => 'gzip, deflate',
  'referer' => 'http://www.soukebao.com/admin/system/editadmin.html',
  'accept' => '*/*',
  'user-agent' => 'Mozilla/5.0 (Windows NT 6.1; WOW64) AppleWebKit/537.36 (KHTML, like Gecko) Chrome/67.0.3396.99 Safari/537.36',
  'connection' => 'keep-alive',
  'host' => 'www.soukebao.com',
  'content-length' => '',
  'content-type' => '',
)
[ info ] [ PARAM ] array (
)
[ info ] [ LOG ] INIT File
---------------------------------------------------------------
[ 2018-07-31T15:43:02+08:00 ] 127.0.0.1 GET /admin/system/frame/static/js/vip_nav.js
[ info ] www.soukebao.com/admin/system/frame/static/js/vip_nav.js [运行时间：0.035002s][吞吐率：28.57req/s] [内存消耗：1,196.32kb] [文件加载：37]
[ info ] [ LANG ] D:\php\PHPTutorial\WWW\soukebao\thinkphp\lang\zh-cn.php
[ info ] [ ROUTE ] array (
  'type' => 'module',
  'module' => 
  array (
    0 => 'admin',
    1 => 'system',
    2 => 'frame',
  ),
)
[ info ] [ HEADER ] array (
  'cookie' => 'PHPSESSID=j153htu4eks4f1j92sgfcshls2',
  'accept-language' => 'zh-CN,zh;q=0.9',
  'accept-encoding' => 'gzip, deflate',
  'referer' => 'http://www.soukebao.com/admin/system/editadmin.html',
  'accept' => '*/*',
  'user-agent' => 'Mozilla/5.0 (Windows NT 6.1; WOW64) AppleWebKit/537.36 (KHTML, like Gecko) Chrome/67.0.3396.99 Safari/537.36',
  'connection' => 'keep-alive',
  'host' => 'www.soukebao.com',
  'content-length' => '',
  'content-type' => '',
)
[ info ] [ PARAM ] array (
  'static' => 'js',
)
[ info ] [ LOG ] INIT File
---------------------------------------------------------------
[ 2018-07-31T15:43:14+08:00 ] 127.0.0.1 POST /admin/system/editadmin.html
[ info ] www.soukebao.com/admin/system/editadmin.html [运行时间：0.036002s][吞吐率：27.78req/s] [内存消耗：2,201.21kb] [文件加载：48]
[ info ] [ LANG ] D:\php\PHPTutorial\WWW\soukebao\thinkphp\lang\zh-cn.php
[ info ] [ ROUTE ] array (
  'type' => 'module',
  'module' => 
  array (
    0 => 'admin',
    1 => 'system',
    2 => 'editadmin',
  ),
)
[ info ] [ HEADER ] array (
  'cookie' => 'PHPSESSID=j153htu4eks4f1j92sgfcshls2',
  'accept-language' => 'zh-CN,zh;q=0.9',
  'accept-encoding' => 'gzip, deflate',
  'referer' => 'http://www.soukebao.com/admin/system/editadmin.html',
  'accept' => 'text/html,application/xhtml+xml,application/xml;q=0.9,image/webp,image/apng,*/*;q=0.8',
  'user-agent' => 'Mozilla/5.0 (Windows NT 6.1; WOW64) AppleWebKit/537.36 (KHTML, like Gecko) Chrome/67.0.3396.99 Safari/537.36',
  'content-type' => 'application/x-www-form-urlencoded',
  'upgrade-insecure-requests' => '1',
  'origin' => 'http://www.soukebao.com',
  'cache-control' => 'max-age=0',
  'content-length' => '34',
  'connection' => 'keep-alive',
  'host' => 'www.soukebao.com',
)
[ info ] [ PARAM ] array (
  'admin_name' => 'lisi',
  'admin_pwd' => '123',
  'id' => '1',
)
[ info ] [ RUN ] app\admin\controller\System->editAdmin[ D:\php\PHPTutorial\WWW\soukebao\application\admin\controller\System.php ]
[ info ] [ DB ] INIT mysql
[ info ] [ CACHE ] INIT File
[ info ] [ SESSION ] INIT array (
  'id' => '',
  'var_session_id' => '',
  'prefix' => 'think',
  'type' => '',
  'auto_start' => true,
)
[ info ] [ VIEW ] D:\php\PHPTutorial\WWW\soukebao\public/../application/admin\view\system\edit_admin.html [ array (
  0 => 'admin_name',
  1 => 'list',
) ]
[ info ] [ LOG ] INIT File
[ sql ] [ DB ] CONNECT:[ UseTime:0.001000s ] mysql:host=127.0.0.1;dbname=soukebao;charset=utf8
[ sql ] [ SQL ] SHOW COLUMNS FROM `admin` [ RunTime:0.004000s ]
[ sql ] [ SQL ] SELECT `id`,`admin_name` FROM `admin` `a` WHERE  `id` = 1 LIMIT 1 [ RunTime:0.000000s ]
[ sql ] [ SQL ] UPDATE `admin`  SET `admin_name`='lisi',`admin_pwd`='202cb962ac59075b964b07152d234b70',`id`=1  WHERE  `id` = 1 [ RunTime:0.001000s ]
---------------------------------------------------------------
[ 2018-07-31T15:43:14+08:00 ] 127.0.0.1 GET /admin/frame/layui/layui.js
[ info ] www.soukebao.com/admin/frame/layui/layui.js [运行时间：0.020001s][吞吐率：50.00req/s] [内存消耗：987.60kb] [文件加载：31]
[ info ] [ LANG ] D:\php\PHPTutorial\WWW\soukebao\thinkphp\lang\zh-cn.php
[ info ] [ ROUTE ] array (
  'type' => 'module',
  'module' => 
  array (
    0 => 'admin',
    1 => 'frame',
    2 => 'layui',
  ),
)
[ info ] [ HEADER ] array (
  'cookie' => 'PHPSESSID=j153htu4eks4f1j92sgfcshls2',
  'accept-language' => 'zh-CN,zh;q=0.9',
  'accept-encoding' => 'gzip, deflate',
  'referer' => 'http://www.soukebao.com/admin/system/editadmin.html',
  'accept' => '*/*',
  'user-agent' => 'Mozilla/5.0 (Windows NT 6.1; WOW64) AppleWebKit/537.36 (KHTML, like Gecko) Chrome/67.0.3396.99 Safari/537.36',
  'connection' => 'keep-alive',
  'host' => 'www.soukebao.com',
  'content-length' => '',
  'content-type' => '',
)
[ info ] [ PARAM ] array (
)
[ info ] [ LOG ] INIT File
---------------------------------------------------------------
[ 2018-07-31T15:43:14+08:00 ] 127.0.0.1 GET /admin/system/frame/static/js/vip_nav.js
[ info ] www.soukebao.com/admin/system/frame/static/js/vip_nav.js [运行时间：0.018001s][吞吐率：55.55req/s] [内存消耗：1,196.32kb] [文件加载：37]
[ info ] [ LANG ] D:\php\PHPTutorial\WWW\soukebao\thinkphp\lang\zh-cn.php
[ info ] [ ROUTE ] array (
  'type' => 'module',
  'module' => 
  array (
    0 => 'admin',
    1 => 'system',
    2 => 'frame',
  ),
)
[ info ] [ HEADER ] array (
  'cookie' => 'PHPSESSID=j153htu4eks4f1j92sgfcshls2',
  'accept-language' => 'zh-CN,zh;q=0.9',
  'accept-encoding' => 'gzip, deflate',
  'referer' => 'http://www.soukebao.com/admin/system/editadmin.html',
  'accept' => '*/*',
  'user-agent' => 'Mozilla/5.0 (Windows NT 6.1; WOW64) AppleWebKit/537.36 (KHTML, like Gecko) Chrome/67.0.3396.99 Safari/537.36',
  'connection' => 'keep-alive',
  'host' => 'www.soukebao.com',
  'content-length' => '',
  'content-type' => '',
)
[ info ] [ PARAM ] array (
  'static' => 'js',
)
[ info ] [ LOG ] INIT File
---------------------------------------------------------------
[ 2018-07-31T15:43:58+08:00 ] 127.0.0.1 POST /admin/system/editadmin.html
[ info ] www.soukebao.com/admin/system/editadmin.html [运行时间：0.058004s][吞吐率：17.24req/s] [内存消耗：2,201.25kb] [文件加载：48]
[ info ] [ LANG ] D:\php\PHPTutorial\WWW\soukebao\thinkphp\lang\zh-cn.php
[ info ] [ ROUTE ] array (
  'type' => 'module',
  'module' => 
  array (
    0 => 'admin',
    1 => 'system',
    2 => 'editadmin',
  ),
)
[ info ] [ HEADER ] array (
  'cookie' => 'PHPSESSID=j153htu4eks4f1j92sgfcshls2',
  'accept-language' => 'zh-CN,zh;q=0.9',
  'accept-encoding' => 'gzip, deflate',
  'referer' => 'http://www.soukebao.com/admin/system/editadmin.html',
  'accept' => 'text/html,application/xhtml+xml,application/xml;q=0.9,image/webp,image/apng,*/*;q=0.8',
  'user-agent' => 'Mozilla/5.0 (Windows NT 6.1; WOW64) AppleWebKit/537.36 (KHTML, like Gecko) Chrome/67.0.3396.99 Safari/537.36',
  'content-type' => 'application/x-www-form-urlencoded',
  'upgrade-insecure-requests' => '1',
  'origin' => 'http://www.soukebao.com',
  'cache-control' => 'max-age=0',
  'content-length' => '38',
  'connection' => 'keep-alive',
  'host' => 'www.soukebao.com',
)
[ info ] [ PARAM ] array (
  'admin_name' => 'zhangsan',
  'admin_pwd' => '123',
  'id' => '1',
)
[ info ] [ RUN ] app\admin\controller\System->editAdmin[ D:\php\PHPTutorial\WWW\soukebao\application\admin\controller\System.php ]
[ info ] [ DB ] INIT mysql
[ info ] [ CACHE ] INIT File
[ info ] [ SESSION ] INIT array (
  'id' => '',
  'var_session_id' => '',
  'prefix' => 'think',
  'type' => '',
  'auto_start' => true,
)
[ info ] [ VIEW ] D:\php\PHPTutorial\WWW\soukebao\public/../application/admin\view\system\edit_admin.html [ array (
  0 => 'admin_name',
  1 => 'list',
) ]
[ info ] [ LOG ] INIT File
[ sql ] [ DB ] CONNECT:[ UseTime:0.011001s ] mysql:host=127.0.0.1;dbname=soukebao;charset=utf8
[ sql ] [ SQL ] SHOW COLUMNS FROM `admin` [ RunTime:0.004000s ]
[ sql ] [ SQL ] SELECT `id`,`admin_name` FROM `admin` `a` WHERE  `id` = 1 LIMIT 1 [ RunTime:0.002000s ]
[ sql ] [ SQL ] UPDATE `admin`  SET `admin_name`='zhangsan',`admin_pwd`='202cb962ac59075b964b07152d234b70',`id`=1  WHERE  `id` = 1 [ RunTime:0.002001s ]
---------------------------------------------------------------
[ 2018-07-31T15:43:58+08:00 ] 127.0.0.1 GET /admin/frame/layui/layui.js
[ info ] www.soukebao.com/admin/frame/layui/layui.js [运行时间：0.017001s][吞吐率：58.82req/s] [内存消耗：987.60kb] [文件加载：31]
[ info ] [ LANG ] D:\php\PHPTutorial\WWW\soukebao\thinkphp\lang\zh-cn.php
[ info ] [ ROUTE ] array (
  'type' => 'module',
  'module' => 
  array (
    0 => 'admin',
    1 => 'frame',
    2 => 'layui',
  ),
)
[ info ] [ HEADER ] array (
  'cookie' => 'PHPSESSID=j153htu4eks4f1j92sgfcshls2',
  'accept-language' => 'zh-CN,zh;q=0.9',
  'accept-encoding' => 'gzip, deflate',
  'referer' => 'http://www.soukebao.com/admin/system/editadmin.html',
  'accept' => '*/*',
  'user-agent' => 'Mozilla/5.0 (Windows NT 6.1; WOW64) AppleWebKit/537.36 (KHTML, like Gecko) Chrome/67.0.3396.99 Safari/537.36',
  'connection' => 'keep-alive',
  'host' => 'www.soukebao.com',
  'content-length' => '',
  'content-type' => '',
)
[ info ] [ PARAM ] array (
)
[ info ] [ LOG ] INIT File
---------------------------------------------------------------
[ 2018-07-31T15:43:58+08:00 ] 127.0.0.1 GET /admin/system/frame/static/js/vip_nav.js
[ info ] www.soukebao.com/admin/system/frame/static/js/vip_nav.js [运行时间：0.022001s][吞吐率：45.45req/s] [内存消耗：1,196.32kb] [文件加载：37]
[ info ] [ LANG ] D:\php\PHPTutorial\WWW\soukebao\thinkphp\lang\zh-cn.php
[ info ] [ ROUTE ] array (
  'type' => 'module',
  'module' => 
  array (
    0 => 'admin',
    1 => 'system',
    2 => 'frame',
  ),
)
[ info ] [ HEADER ] array (
  'cookie' => 'PHPSESSID=j153htu4eks4f1j92sgfcshls2',
  'accept-language' => 'zh-CN,zh;q=0.9',
  'accept-encoding' => 'gzip, deflate',
  'referer' => 'http://www.soukebao.com/admin/system/editadmin.html',
  'accept' => '*/*',
  'user-agent' => 'Mozilla/5.0 (Windows NT 6.1; WOW64) AppleWebKit/537.36 (KHTML, like Gecko) Chrome/67.0.3396.99 Safari/537.36',
  'connection' => 'keep-alive',
  'host' => 'www.soukebao.com',
  'content-length' => '',
  'content-type' => '',
)
[ info ] [ PARAM ] array (
  'static' => 'js',
)
[ info ] [ LOG ] INIT File
---------------------------------------------------------------
[ 2018-07-31T16:46:06+08:00 ] 127.0.0.1 GET /admin/system/demo/login.html
[ info ] www.soukebao.com/admin/system/demo/login.html [运行时间：0.022001s][吞吐率：45.45req/s] [内存消耗：1,196.66kb] [文件加载：37]
[ info ] [ LANG ] D:\php\PHPTutorial\WWW\soukebao\thinkphp\lang\zh-cn.php
[ info ] [ ROUTE ] array (
  'type' => 'module',
  'module' => 
  array (
    0 => 'admin',
    1 => 'system',
    2 => 'demo',
  ),
)
[ info ] [ HEADER ] array (
  'cookie' => 'PHPSESSID=j153htu4eks4f1j92sgfcshls2',
  'accept-language' => 'zh-CN,zh;q=0.9',
  'accept-encoding' => 'gzip, deflate',
  'referer' => 'http://www.soukebao.com/admin/system/editadmin.html',
  'accept' => 'text/html,application/xhtml+xml,application/xml;q=0.9,image/webp,image/apng,*/*;q=0.8',
  'user-agent' => 'Mozilla/5.0 (Windows NT 6.1; WOW64) AppleWebKit/537.36 (KHTML, like Gecko) Chrome/67.0.3396.99 Safari/537.36',
  'upgrade-insecure-requests' => '1',
  'connection' => 'keep-alive',
  'host' => 'www.soukebao.com',
  'content-length' => '',
  'content-type' => '',
)
[ info ] [ PARAM ] array (
)
[ info ] [ LOG ] INIT File
---------------------------------------------------------------
[ 2018-07-31T16:46:06+08:00 ] 127.0.0.1 GET /admin/info/index.html
[ info ] www.soukebao.com/admin/info/index.html [运行时间：0.061003s][吞吐率：16.39req/s] [内存消耗：2,431.84kb] [文件加载：51]
[ info ] [ LANG ] D:\php\PHPTutorial\WWW\soukebao\thinkphp\lang\zh-cn.php
[ info ] [ ROUTE ] array (
  'type' => 'module',
  'module' => 
  array (
    0 => 'admin',
    1 => 'info',
    2 => 'index',
  ),
)
[ info ] [ HEADER ] array (
  'cookie' => 'PHPSESSID=j153htu4eks4f1j92sgfcshls2',
  'accept-language' => 'zh-CN,zh;q=0.9',
  'accept-encoding' => 'gzip, deflate',
  'referer' => 'http://www.soukebao.com/admin/system/editadmin.html',
  'accept' => 'text/html,application/xhtml+xml,application/xml;q=0.9,image/webp,image/apng,*/*;q=0.8',
  'user-agent' => 'Mozilla/5.0 (Windows NT 6.1; WOW64) AppleWebKit/537.36 (KHTML, like Gecko) Chrome/67.0.3396.99 Safari/537.36',
  'upgrade-insecure-requests' => '1',
  'connection' => 'keep-alive',
  'host' => 'www.soukebao.com',
  'content-length' => '',
  'content-type' => '',
)
[ info ] [ PARAM ] array (
)
[ info ] [ RUN ] app\admin\controller\Info->index[ D:\php\PHPTutorial\WWW\soukebao\application\admin\controller\Info.php ]
[ info ] [ DB ] INIT mysql
[ info ] [ SESSION ] INIT array (
  'id' => '',
  'var_session_id' => '',
  'prefix' => 'think',
  'type' => '',
  'auto_start' => true,
)
[ info ] [ VIEW ] D:\php\PHPTutorial\WWW\soukebao\public/../application/admin\view\info\index.html [ array (
  0 => 'admin_name',
  1 => 'list',
) ]
[ info ] [ LOG ] INIT File
[ sql ] [ DB ] CONNECT:[ UseTime:0.002000s ] mysql:host=127.0.0.1;dbname=soukebao;charset=utf8
[ sql ] [ SQL ] SHOW COLUMNS FROM `sell_house` [ RunTime:0.004000s ]
[ sql ] [ SQL ] SELECT COUNT(*) AS tp_count FROM ( SELECT count(*) FROM `sell_house` `a` INNER JOIN `user` `u` ON `u`.`id`=`a`.`user_id` WHERE  `status` = 1 GROUP BY `a`.`id` ) `_group_count_` LIMIT 1 [ RunTime:0.001000s ]
[ sql ] [ SQL ] SELECT `a`.`id`,`a`.`name`,`a`.`phone`,`a`.`district`,`a`.`area`,`a`.`price`,`a`.`role`,`a`.`address`,`u`.`user_name`,`a`.`type` FROM `sell_house` `a` INNER JOIN `user` `u` ON `u`.`id`=`a`.`user_id` WHERE  `status` = 1 GROUP BY `a`.`id` ORDER BY `a`.`id` DESC LIMIT 0,10 [ RunTime:0.001000s ]
---------------------------------------------------------------
[ 2018-07-31T16:46:06+08:00 ] 127.0.0.1 GET /admin/info/frame/static/js/vip_nav.js
[ info ] www.soukebao.com/admin/info/frame/static/js/vip_nav.js [运行时间：0.020001s][吞吐率：50.00req/s] [内存消耗：1,214.70kb] [文件加载：37]
[ info ] [ LANG ] D:\php\PHPTutorial\WWW\soukebao\thinkphp\lang\zh-cn.php
[ info ] [ ROUTE ] array (
  'type' => 'module',
  'module' => 
  array (
    0 => 'admin',
    1 => 'info',
    2 => 'frame',
  ),
)
[ info ] [ HEADER ] array (
  'cookie' => 'PHPSESSID=j153htu4eks4f1j92sgfcshls2',
  'accept-language' => 'zh-CN,zh;q=0.9',
  'accept-encoding' => 'gzip, deflate',
  'referer' => 'http://www.soukebao.com/admin/info/index.html',
  'accept' => '*/*',
  'user-agent' => 'Mozilla/5.0 (Windows NT 6.1; WOW64) AppleWebKit/537.36 (KHTML, like Gecko) Chrome/67.0.3396.99 Safari/537.36',
  'connection' => 'keep-alive',
  'host' => 'www.soukebao.com',
  'content-length' => '',
  'content-type' => '',
)
[ info ] [ PARAM ] array (
  'static' => 'js',
)
[ info ] [ LOG ] INIT File
---------------------------------------------------------------
[ 2018-07-31T16:46:17+08:00 ] 127.0.0.1 GET /admin/info/del/id/18.html
[ info ] www.soukebao.com/admin/info/del/id/18.html [运行时间：0.053003s][吞吐率：18.87req/s] [内存消耗：2,352.19kb] [文件加载：51]
[ info ] [ LANG ] D:\php\PHPTutorial\WWW\soukebao\thinkphp\lang\zh-cn.php
[ info ] [ ROUTE ] array (
  'type' => 'module',
  'module' => 
  array (
    0 => 'admin',
    1 => 'info',
    2 => 'del',
  ),
)
[ info ] [ HEADER ] array (
  'cookie' => 'PHPSESSID=j153htu4eks4f1j92sgfcshls2',
  'accept-language' => 'zh-CN,zh;q=0.9',
  'accept-encoding' => 'gzip, deflate',
  'referer' => 'http://www.soukebao.com/admin/info/index.html',
  'accept' => 'text/html,application/xhtml+xml,application/xml;q=0.9,image/webp,image/apng,*/*;q=0.8',
  'user-agent' => 'Mozilla/5.0 (Windows NT 6.1; WOW64) AppleWebKit/537.36 (KHTML, like Gecko) Chrome/67.0.3396.99 Safari/537.36',
  'upgrade-insecure-requests' => '1',
  'connection' => 'keep-alive',
  'host' => 'www.soukebao.com',
  'content-length' => '',
  'content-type' => '',
)
[ info ] [ PARAM ] array (
  'id' => '18',
)
[ info ] [ RUN ] app\admin\controller\Info->del[ D:\php\PHPTutorial\WWW\soukebao\application\admin\controller\Info.php ]
[ info ] [ DB ] INIT mysql
[ info ] [ CACHE ] INIT File
[ info ] [ VIEW ] D:\php\PHPTutorial\WWW\soukebao\thinkphp\tpl\dispatch_jump.tpl [ array (
  0 => 'code',
  1 => 'msg',
  2 => 'data',
  3 => 'url',
  4 => 'wait',
) ]
[ info ] [ LOG ] INIT File
[ sql ] [ DB ] CONNECT:[ UseTime:0.002000s ] mysql:host=127.0.0.1;dbname=soukebao;charset=utf8
[ sql ] [ SQL ] SHOW COLUMNS FROM `sell_house` [ RunTime:0.006000s ]
[ sql ] [ SQL ] DELETE FROM `sell_house`    WHERE  `id` = 18 [ RunTime:0.001000s ]
---------------------------------------------------------------
[ 2018-07-31T16:46:20+08:00 ] 127.0.0.1 GET /admin/info/index.html
[ info ] www.soukebao.com/admin/info/index.html [运行时间：0.053003s][吞吐率：18.87req/s] [内存消耗：2,304.52kb] [文件加载：49]
[ info ] [ LANG ] D:\php\PHPTutorial\WWW\soukebao\thinkphp\lang\zh-cn.php
[ info ] [ ROUTE ] array (
  'type' => 'module',
  'module' => 
  array (
    0 => 'admin',
    1 => 'info',
    2 => 'index',
  ),
)
[ info ] [ HEADER ] array (
  'cookie' => 'PHPSESSID=j153htu4eks4f1j92sgfcshls2',
  'accept-language' => 'zh-CN,zh;q=0.9',
  'accept-encoding' => 'gzip, deflate',
  'referer' => 'http://www.soukebao.com/admin/info/del/id/18.html',
  'accept' => 'text/html,application/xhtml+xml,application/xml;q=0.9,image/webp,image/apng,*/*;q=0.8',
  'user-agent' => 'Mozilla/5.0 (Windows NT 6.1; WOW64) AppleWebKit/537.36 (KHTML, like Gecko) Chrome/67.0.3396.99 Safari/537.36',
  'upgrade-insecure-requests' => '1',
  'connection' => 'keep-alive',
  'host' => 'www.soukebao.com',
  'content-length' => '',
  'content-type' => '',
)
[ info ] [ PARAM ] array (
)
[ info ] [ RUN ] app\admin\controller\Info->index[ D:\php\PHPTutorial\WWW\soukebao\application\admin\controller\Info.php ]
[ info ] [ DB ] INIT mysql
[ info ] [ SESSION ] INIT array (
  'id' => '',
  'var_session_id' => '',
  'prefix' => 'think',
  'type' => '',
  'auto_start' => true,
)
[ info ] [ VIEW ] D:\php\PHPTutorial\WWW\soukebao\public/../application/admin\view\info\index.html [ array (
  0 => 'admin_name',
  1 => 'list',
) ]
[ info ] [ LOG ] INIT File
[ sql ] [ DB ] CONNECT:[ UseTime:0.010001s ] mysql:host=127.0.0.1;dbname=soukebao;charset=utf8
[ sql ] [ SQL ] SHOW COLUMNS FROM `sell_house` [ RunTime:0.005000s ]
[ sql ] [ SQL ] SELECT COUNT(*) AS tp_count FROM ( SELECT count(*) FROM `sell_house` `a` INNER JOIN `user` `u` ON `u`.`id`=`a`.`user_id` WHERE  `status` = 1 GROUP BY `a`.`id` ) `_group_count_` LIMIT 1 [ RunTime:0.001000s ]
[ sql ] [ SQL ] SELECT `a`.`id`,`a`.`name`,`a`.`phone`,`a`.`district`,`a`.`area`,`a`.`price`,`a`.`role`,`a`.`address`,`u`.`user_name`,`a`.`type` FROM `sell_house` `a` INNER JOIN `user` `u` ON `u`.`id`=`a`.`user_id` WHERE  `status` = 1 GROUP BY `a`.`id` ORDER BY `a`.`id` DESC LIMIT 0,10 [ RunTime:0.001000s ]
---------------------------------------------------------------
[ 2018-07-31T16:46:20+08:00 ] 127.0.0.1 GET /admin/info/frame/static/js/vip_nav.js
[ info ] www.soukebao.com/admin/info/frame/static/js/vip_nav.js [运行时间：0.023002s][吞吐率：43.47req/s] [内存消耗：1,214.70kb] [文件加载：37]
[ info ] [ LANG ] D:\php\PHPTutorial\WWW\soukebao\thinkphp\lang\zh-cn.php
[ info ] [ ROUTE ] array (
  'type' => 'module',
  'module' => 
  array (
    0 => 'admin',
    1 => 'info',
    2 => 'frame',
  ),
)
[ info ] [ HEADER ] array (
  'cookie' => 'PHPSESSID=j153htu4eks4f1j92sgfcshls2',
  'accept-language' => 'zh-CN,zh;q=0.9',
  'accept-encoding' => 'gzip, deflate',
  'referer' => 'http://www.soukebao.com/admin/info/index.html',
  'accept' => '*/*',
  'user-agent' => 'Mozilla/5.0 (Windows NT 6.1; WOW64) AppleWebKit/537.36 (KHTML, like Gecko) Chrome/67.0.3396.99 Safari/537.36',
  'connection' => 'keep-alive',
  'host' => 'www.soukebao.com',
  'content-length' => '',
  'content-type' => '',
)
[ info ] [ PARAM ] array (
  'static' => 'js',
)
[ info ] [ LOG ] INIT File
---------------------------------------------------------------
[ 2018-07-31T18:15:31+08:00 ] 127.0.0.1 GET /position/39.984154,116.307490
[ info ] www.soukebao.com/position/39.984154,116.307490 [运行时间：0.015001s][吞吐率：66.66req/s] [内存消耗：849.24kb] [文件加载：27]
[ info ] [ LANG ] D:\php\PHPTutorial\WWW\soukebao\thinkphp\lang\zh-cn.php
[ info ] [ ROUTE ] array (
  'type' => 'module',
  'module' => 
  array (
    0 => 'api',
    1 => 'Login',
    2 => 'position',
  ),
  'convert' => false,
)
[ info ] [ HEADER ] array (
  'cookie' => 'PHPSESSID=j153htu4eks4f1j92sgfcshls2',
  'accept-language' => 'zh-CN,zh;q=0.9',
  'accept-encoding' => 'gzip, deflate',
  'user-agent' => 'Mozilla/5.0 (Windows NT 6.1; WOW64) AppleWebKit/537.36 (KHTML, like Gecko) Chrome/67.0.3396.99 Safari/537.36',
  'accept' => '*/*',
  'connection' => 'keep-alive',
  'host' => 'www.soukebao.com',
  'content-length' => '',
  'content-type' => '',
)
[ info ] [ PARAM ] array (
  'id' => '39.984154,116.307490',
)
[ info ] [ RUN ] app\api\controller\Login->position[ D:\php\PHPTutorial\WWW\soukebao\application\api\controller\Login.php ]
[ info ] [ LOG ] INIT File
---------------------------------------------------------------
[ 2018-07-31T18:16:16+08:00 ] 127.0.0.1 GET /position/39.984154,116.307490
[ info ] www.soukebao.com/position/39.984154,116.307490 [运行时间：0.013001s][吞吐率：76.92req/s] [内存消耗：849.24kb] [文件加载：27]
[ info ] [ LANG ] D:\php\PHPTutorial\WWW\soukebao\thinkphp\lang\zh-cn.php
[ info ] [ ROUTE ] array (
  'type' => 'module',
  'module' => 
  array (
    0 => 'api',
    1 => 'Login',
    2 => 'position',
  ),
  'convert' => false,
)
[ info ] [ HEADER ] array (
  'cookie' => 'PHPSESSID=j153htu4eks4f1j92sgfcshls2',
  'accept-language' => 'zh-CN,zh;q=0.9',
  'accept-encoding' => 'gzip, deflate',
  'user-agent' => 'Mozilla/5.0 (Windows NT 6.1; WOW64) AppleWebKit/537.36 (KHTML, like Gecko) Chrome/67.0.3396.99 Safari/537.36',
  'accept' => '*/*',
  'connection' => 'keep-alive',
  'host' => 'www.soukebao.com',
  'content-length' => '',
  'content-type' => '',
)
[ info ] [ PARAM ] array (
  'id' => '39.984154,116.307490',
)
[ info ] [ RUN ] app\api\controller\Login->position[ D:\php\PHPTutorial\WWW\soukebao\application\api\controller\Login.php ]
[ info ] [ LOG ] INIT File
---------------------------------------------------------------
[ 2018-07-31T18:16:26+08:00 ] 127.0.0.1 GET /position/39.984154,116.307490
[ info ] www.soukebao.com/position/39.984154,116.307490 [运行时间：0.017001s][吞吐率：58.82req/s] [内存消耗：1,007.84kb] [文件加载：33]
[ info ] [ LANG ] D:\php\PHPTutorial\WWW\soukebao\thinkphp\lang\zh-cn.php
[ info ] [ ROUTE ] array (
  'type' => 'module',
  'module' => 
  array (
    0 => 'api',
    1 => 'Login',
    2 => 'position',
  ),
  'convert' => false,
)
[ info ] [ HEADER ] array (
  'cookie' => 'PHPSESSID=j153htu4eks4f1j92sgfcshls2',
  'accept-language' => 'zh-CN,zh;q=0.9',
  'accept-encoding' => 'gzip, deflate',
  'user-agent' => 'Mozilla/5.0 (Windows NT 6.1; WOW64) AppleWebKit/537.36 (KHTML, like Gecko) Chrome/67.0.3396.99 Safari/537.36',
  'accept' => '*/*',
  'connection' => 'keep-alive',
  'host' => 'www.soukebao.com',
  'content-length' => '',
  'content-type' => '',
)
[ info ] [ PARAM ] array (
  'id' => '39.984154,116.307490',
)
[ info ] [ RUN ] app\api\controller\Login->position[ D:\php\PHPTutorial\WWW\soukebao\application\api\controller\Login.php ]
[ info ] [ LOG ] INIT File
[ error ] [8]Array to string conversion[D:\php\PHPTutorial\WWW\soukebao\application\common.php:387]
---------------------------------------------------------------
[ 2018-07-31T18:17:16+08:00 ] 127.0.0.1 GET /position/39.984154,116.307490
[ info ] www.soukebao.com/position/39.984154,116.307490 [运行时间：0.178010s][吞吐率：5.62req/s] [内存消耗：969.21kb] [文件加载：29]
[ info ] [ LANG ] D:\php\PHPTutorial\WWW\soukebao\thinkphp\lang\zh-cn.php
[ info ] [ ROUTE ] array (
  'type' => 'module',
  'module' => 
  array (
    0 => 'api',
    1 => 'Login',
    2 => 'position',
  ),
  'convert' => false,
)
[ info ] [ HEADER ] array (
  'cookie' => 'PHPSESSID=j153htu4eks4f1j92sgfcshls2',
  'accept-language' => 'zh-CN,zh;q=0.9',
  'accept-encoding' => 'gzip, deflate',
  'user-agent' => 'Mozilla/5.0 (Windows NT 6.1; WOW64) AppleWebKit/537.36 (KHTML, like Gecko) Chrome/67.0.3396.99 Safari/537.36',
  'accept' => '*/*',
  'connection' => 'keep-alive',
  'host' => 'www.soukebao.com',
  'content-length' => '',
  'content-type' => '',
)
[ info ] [ PARAM ] array (
  'id' => '39.984154,116.307490',
)
[ info ] [ RUN ] app\api\controller\Login->position[ D:\php\PHPTutorial\WWW\soukebao\application\api\controller\Login.php ]
[ info ] [ LOG ] INIT File
---------------------------------------------------------------
[ 2018-07-31T18:17:59+08:00 ] 127.0.0.1 GET /position/39.984154,116.307490
[ info ] www.soukebao.com/position/39.984154,116.307490 [运行时间：0.181010s][吞吐率：5.52req/s] [内存消耗：1,008.11kb] [文件加载：33]
[ info ] [ LANG ] D:\php\PHPTutorial\WWW\soukebao\thinkphp\lang\zh-cn.php
[ info ] [ ROUTE ] array (
  'type' => 'module',
  'module' => 
  array (
    0 => 'api',
    1 => 'Login',
    2 => 'position',
  ),
  'convert' => false,
)
[ info ] [ HEADER ] array (
  'cookie' => 'PHPSESSID=j153htu4eks4f1j92sgfcshls2',
  'accept-language' => 'zh-CN,zh;q=0.9',
  'accept-encoding' => 'gzip, deflate',
  'user-agent' => 'Mozilla/5.0 (Windows NT 6.1; WOW64) AppleWebKit/537.36 (KHTML, like Gecko) Chrome/67.0.3396.99 Safari/537.36',
  'accept' => '*/*',
  'connection' => 'keep-alive',
  'host' => 'www.soukebao.com',
  'content-length' => '',
  'content-type' => '',
)
[ info ] [ PARAM ] array (
  'id' => '39.984154,116.307490',
)
[ info ] [ RUN ] app\api\controller\Login->position[ D:\php\PHPTutorial\WWW\soukebao\application\api\controller\Login.php ]
[ info ] [ LOG ] INIT File
[ error ] [8]Array to string conversion[D:\php\PHPTutorial\WWW\soukebao\application\common.php:387]
